mode: set
github.com/BearBump/TrackBox/internal/broker/kafka/consumer.go:20.69,30.2 1 1
github.com/BearBump/TrackBox/internal/broker/kafka/consumer.go:32.55,34.2 1 1
github.com/BearBump/TrackBox/internal/broker/kafka/consumer.go:36.34,38.2 1 1
github.com/BearBump/TrackBox/internal/broker/kafka/consumer.go:40.94,41.6 1 1
github.com/BearBump/TrackBox/internal/broker/kafka/consumer.go:41.6,43.17 2 1
github.com/BearBump/TrackBox/internal/broker/kafka/consumer.go:43.17,45.4 1 1
github.com/BearBump/TrackBox/internal/broker/kafka/consumer.go:46.3,46.53 1 1
github.com/BearBump/TrackBox/internal/broker/kafka/consumer.go:46.53,50.4 1 1
github.com/BearBump/TrackBox/internal/broker/kafka/producer.go:18.46,25.2 1 1
github.com/BearBump/TrackBox/internal/broker/kafka/producer.go:27.55,29.2 1 1
github.com/BearBump/TrackBox/internal/broker/kafka/producer.go:31.88,36.17 1 1
github.com/BearBump/TrackBox/internal/broker/kafka/producer.go:36.17,38.3 1 0
github.com/BearBump/TrackBox/internal/broker/kafka/producer.go:39.2,39.12 1 1
github.com/BearBump/TrackBox/internal/api/trackings_api/trackings_api.go:19.48,21.2 1 1
github.com/BearBump/TrackBox/internal/api/trackings_api/trackings_api.go:23.152,25.36 2 1
github.com/BearBump/TrackBox/internal/api/trackings_api/trackings_api.go:25.36,30.3 1 1
github.com/BearBump/TrackBox/internal/api/trackings_api/trackings_api.go:31.2,32.16 2 1
github.com/BearBump/TrackBox/internal/api/trackings_api/trackings_api.go:32.16,34.3 1 0
github.com/BearBump/TrackBox/internal/api/trackings_api/trackings_api.go:35.2,35.82 1 1
github.com/BearBump/TrackBox/internal/api/trackings_api/trackings_api.go:38.158,40.16 2 1
github.com/BearBump/TrackBox/internal/api/trackings_api/trackings_api.go:40.16,42.3 1 0
github.com/BearBump/TrackBox/internal/api/trackings_api/trackings_api.go:43.2,43.84 1 1
github.com/BearBump/TrackBox/internal/api/trackings_api/trackings_api.go:46.161,48.16 2 1
github.com/BearBump/TrackBox/internal/api/trackings_api/trackings_api.go:48.16,50.3 1 0
github.com/BearBump/TrackBox/internal/api/trackings_api/trackings_api.go:51.2,52.24 2 1
github.com/BearBump/TrackBox/internal/api/trackings_api/trackings_api.go:52.24,64.3 1 1
github.com/BearBump/TrackBox/internal/api/trackings_api/trackings_api.go:65.2,65.68 1 1
github.com/BearBump/TrackBox/internal/api/trackings_api/trackings_api.go:68.128,69.72 1 1
github.com/BearBump/TrackBox/internal/api/trackings_api/trackings_api.go:69.72,71.3 1 0
github.com/BearBump/TrackBox/internal/api/trackings_api/trackings_api.go:72.2,72.30 1 1
github.com/BearBump/TrackBox/internal/api/trackings_api/trackings_api.go:75.65,77.23 2 1
github.com/BearBump/TrackBox/internal/api/trackings_api/trackings_api.go:77.23,79.24 2 1
github.com/BearBump/TrackBox/internal/api/trackings_api/trackings_api.go:79.24,81.4 1 0
github.com/BearBump/TrackBox/internal/api/trackings_api/trackings_api.go:82.3,83.29 2 1
github.com/BearBump/TrackBox/internal/api/trackings_api/trackings_api.go:83.29,85.4 1 0
github.com/BearBump/TrackBox/internal/api/trackings_api/trackings_api.go:86.3,99.5 1 1
github.com/BearBump/TrackBox/internal/api/trackings_api/trackings_api.go:101.2,101.12 1 1
github.com/BearBump/TrackBox/internal/api/trackings_api/trackings_api.go:104.36,105.14 1 1
github.com/BearBump/TrackBox/internal/api/trackings_api/trackings_api.go:105.14,107.3 1 1
github.com/BearBump/TrackBox/internal/api/trackings_api/trackings_api.go:108.2,108.11 1 1
github.com/BearBump/TrackBox/cmd/track-api/app.go:41.112,42.28 1 1
github.com/BearBump/TrackBox/cmd/track-api/app.go:42.28,44.3 1 0
github.com/BearBump/TrackBox/cmd/track-api/app.go:45.2,45.61 1 1
github.com/BearBump/TrackBox/cmd/track-api/app.go:45.61,47.3 1 0
github.com/BearBump/TrackBox/cmd/track-api/app.go:49.2,52.16 3 1
github.com/BearBump/TrackBox/cmd/track-api/app.go:52.16,54.3 1 0
github.com/BearBump/TrackBox/cmd/track-api/app.go:55.2,56.16 2 1
github.com/BearBump/TrackBox/cmd/track-api/app.go:56.16,59.3 2 0
github.com/BearBump/TrackBox/cmd/track-api/app.go:61.2,61.26 1 1
github.com/BearBump/TrackBox/cmd/track-api/app.go:61.26,63.3 1 1
github.com/BearBump/TrackBox/cmd/track-api/app.go:65.2,66.57 2 1
github.com/BearBump/TrackBox/cmd/track-api/app.go:66.57,68.3 1 1
github.com/BearBump/TrackBox/cmd/track-api/app.go:70.2,71.12 2 1
github.com/BearBump/TrackBox/cmd/track-api/app.go:71.12,73.3 1 1
github.com/BearBump/TrackBox/cmd/track-api/app.go:75.2,76.12 2 1
github.com/BearBump/TrackBox/cmd/track-api/app.go:76.12,78.3 1 1
github.com/BearBump/TrackBox/cmd/track-api/app.go:80.2,80.12 1 1
github.com/BearBump/TrackBox/cmd/track-api/app.go:80.12,82.60 2 1
github.com/BearBump/TrackBox/cmd/track-api/app.go:82.60,84.52 2 0
github.com/BearBump/TrackBox/cmd/track-api/app.go:84.52,86.5 1 0
github.com/BearBump/TrackBox/cmd/track-api/app.go:87.4,87.39 1 0
github.com/BearBump/TrackBox/cmd/track-api/app.go:91.2,91.9 1 1
github.com/BearBump/TrackBox/cmd/track-api/app.go:92.20,93.19 1 1
github.com/BearBump/TrackBox/cmd/track-api/app.go:94.24,95.13 1 0
github.com/BearBump/TrackBox/cmd/track-api/app.go:96.24,97.13 1 0
github.com/BearBump/TrackBox/cmd/track-api/app.go:101.97,105.12 3 1
github.com/BearBump/TrackBox/cmd/track-api/app.go:105.12,108.13 3 1
github.com/BearBump/TrackBox/cmd/track-api/app.go:108.13,111.4 2 1
github.com/BearBump/TrackBox/cmd/track-api/app.go:112.3,112.10 1 1
github.com/BearBump/TrackBox/cmd/track-api/app.go:113.18,113.18 0 1
github.com/BearBump/TrackBox/cmd/track-api/app.go:114.38,115.12 1 0
github.com/BearBump/TrackBox/cmd/track-api/app.go:117.3,117.18 1 1
github.com/BearBump/TrackBox/cmd/track-api/app.go:120.2,121.21 2 1
github.com/BearBump/TrackBox/cmd/track-api/app.go:124.105,126.70 2 1
github.com/BearBump/TrackBox/cmd/track-api/app.go:126.70,128.3 1 1
github.com/BearBump/TrackBox/cmd/track-api/app.go:130.2,136.108 4 1
github.com/BearBump/TrackBox/cmd/track-api/app.go:136.108,138.3 1 0
github.com/BearBump/TrackBox/cmd/track-api/app.go:139.2,142.12 3 1
github.com/BearBump/TrackBox/cmd/track-api/app.go:142.12,147.3 4 1
github.com/BearBump/TrackBox/cmd/track-api/app.go:149.2,150.23 2 1
github.com/BearBump/TrackBox/cmd/track-api/main.go:18.13,20.16 2 0
github.com/BearBump/TrackBox/cmd/track-api/main.go:20.16,21.78 1 0
github.com/BearBump/TrackBox/cmd/track-api/main.go:24.2,25.20 2 0
github.com/BearBump/TrackBox/cmd/track-api/main.go:25.20,27.3 1 0
github.com/BearBump/TrackBox/cmd/track-api/main.go:28.2,29.20 2 0
github.com/BearBump/TrackBox/cmd/track-api/main.go:29.20,31.3 1 0
github.com/BearBump/TrackBox/cmd/track-api/main.go:32.2,33.25 2 0
github.com/BearBump/TrackBox/cmd/track-api/main.go:33.25,35.3 1 0
github.com/BearBump/TrackBox/cmd/track-api/main.go:36.2,37.17 2 0
github.com/BearBump/TrackBox/cmd/track-api/main.go:37.17,39.3 1 0
github.com/BearBump/TrackBox/cmd/track-api/main.go:40.2,41.19 2 0
github.com/BearBump/TrackBox/cmd/track-api/main.go:41.19,43.3 1 0
github.com/BearBump/TrackBox/cmd/track-api/main.go:45.2,46.19 2 0
github.com/BearBump/TrackBox/cmd/track-api/main.go:46.19,48.3 1 0
github.com/BearBump/TrackBox/cmd/track-api/main.go:49.2,52.16 3 0
github.com/BearBump/TrackBox/cmd/track-api/main.go:52.16,53.13 1 0
github.com/BearBump/TrackBox/cmd/track-api/main.go:55.2,64.15 7 0
github.com/BearBump/TrackBox/cmd/track-api/main.go:64.15,64.39 1 0
github.com/BearBump/TrackBox/cmd/track-api/main.go:66.2,77.59 4 0
github.com/BearBump/TrackBox/cmd/track-api/main.go:77.59,78.13 1 0
github.com/BearBump/TrackBox/config/config.go:57.51,59.16 2 1
github.com/BearBump/TrackBox/config/config.go:59.16,61.3 1 0
github.com/BearBump/TrackBox/config/config.go:63.2,65.16 3 1
github.com/BearBump/TrackBox/config/config.go:65.16,67.3 1 0
github.com/BearBump/TrackBox/config/config.go:69.2,69.21 1 1
github.com/BearBump/TrackBox/internal/integrations/carrier/emulatorv1/client.go:22.42,23.19 1 1
github.com/BearBump/TrackBox/internal/integrations/carrier/emulatorv1/client.go:23.19,25.3 1 0
github.com/BearBump/TrackBox/internal/integrations/carrier/emulatorv1/client.go:26.2,32.3 1 1
github.com/BearBump/TrackBox/internal/integrations/carrier/emulatorv1/client.go:54.116,56.16 2 1
github.com/BearBump/TrackBox/internal/integrations/carrier/emulatorv1/client.go:56.16,58.3 1 0
github.com/BearBump/TrackBox/internal/integrations/carrier/emulatorv1/client.go:59.2,61.20 3 1
github.com/BearBump/TrackBox/internal/integrations/carrier/emulatorv1/client.go:61.20,63.3 1 1
github.com/BearBump/TrackBox/internal/integrations/carrier/emulatorv1/client.go:64.2,67.16 3 1
github.com/BearBump/TrackBox/internal/integrations/carrier/emulatorv1/client.go:67.16,69.3 1 0
github.com/BearBump/TrackBox/internal/integrations/carrier/emulatorv1/client.go:71.2,72.16 2 1
github.com/BearBump/TrackBox/internal/integrations/carrier/emulatorv1/client.go:72.16,74.3 1 0
github.com/BearBump/TrackBox/internal/integrations/carrier/emulatorv1/client.go:75.2,77.28 2 1
github.com/BearBump/TrackBox/internal/integrations/carrier/emulatorv1/client.go:77.28,79.3 1 1
github.com/BearBump/TrackBox/internal/integrations/carrier/emulatorv1/client.go:80.2,80.30 1 1
github.com/BearBump/TrackBox/internal/integrations/carrier/emulatorv1/client.go:80.30,82.3 1 0
github.com/BearBump/TrackBox/internal/integrations/carrier/emulatorv1/client.go:84.2,85.63 2 1
github.com/BearBump/TrackBox/internal/integrations/carrier/emulatorv1/client.go:85.63,87.3 1 0
github.com/BearBump/TrackBox/internal/integrations/carrier/emulatorv1/client.go:89.2,90.18 2 1
github.com/BearBump/TrackBox/internal/integrations/carrier/emulatorv1/client.go:90.18,92.3 1 0
github.com/BearBump/TrackBox/internal/integrations/carrier/emulatorv1/client.go:94.2,95.30 2 1
github.com/BearBump/TrackBox/internal/integrations/carrier/emulatorv1/client.go:95.30,103.3 1 1
github.com/BearBump/TrackBox/internal/integrations/carrier/emulatorv1/client.go:105.2,111.8 2 1
github.com/BearBump/TrackBox/internal/integrations/carrier/track24http/client.go:24.50,25.19 1 1
github.com/BearBump/TrackBox/internal/integrations/carrier/track24http/client.go:25.19,27.3 1 0
github.com/BearBump/TrackBox/internal/integrations/carrier/track24http/client.go:28.2,35.3 1 1
github.com/BearBump/TrackBox/internal/integrations/carrier/track24http/client.go:52.116,56.16 3 1
github.com/BearBump/TrackBox/internal/integrations/carrier/track24http/client.go:56.16,58.3 1 0
github.com/BearBump/TrackBox/internal/integrations/carrier/track24http/client.go:59.2,69.16 9 1
github.com/BearBump/TrackBox/internal/integrations/carrier/track24http/client.go:69.16,71.3 1 0
github.com/BearBump/TrackBox/internal/integrations/carrier/track24http/client.go:73.2,74.16 2 1
github.com/BearBump/TrackBox/internal/integrations/carrier/track24http/client.go:74.16,76.3 1 0
github.com/BearBump/TrackBox/internal/integrations/carrier/track24http/client.go:77.2,79.30 2 1
github.com/BearBump/TrackBox/internal/integrations/carrier/track24http/client.go:79.30,81.3 1 0
github.com/BearBump/TrackBox/internal/integrations/carrier/track24http/client.go:83.2,84.62 2 1
github.com/BearBump/TrackBox/internal/integrations/carrier/track24http/client.go:84.62,86.3 1 0
github.com/BearBump/TrackBox/internal/integrations/carrier/track24http/client.go:87.2,87.22 1 1
github.com/BearBump/TrackBox/internal/integrations/carrier/track24http/client.go:87.22,89.3 1 0
github.com/BearBump/TrackBox/internal/integrations/carrier/track24http/client.go:92.2,97.34 5 1
github.com/BearBump/TrackBox/internal/integrations/carrier/track24http/client.go:97.34,104.32 5 1
github.com/BearBump/TrackBox/internal/integrations/carrier/track24http/client.go:104.32,105.104 1 1
github.com/BearBump/TrackBox/internal/integrations/carrier/track24http/client.go:105.104,107.5 1 1
github.com/BearBump/TrackBox/internal/integrations/carrier/track24http/client.go:110.3,116.5 1 1
github.com/BearBump/TrackBox/internal/integrations/carrier/track24http/client.go:119.2,119.28 1 1
github.com/BearBump/TrackBox/internal/integrations/carrier/track24http/client.go:119.28,122.32 3 1
github.com/BearBump/TrackBox/internal/integrations/carrier/track24http/client.go:122.32,124.4 1 1
github.com/BearBump/TrackBox/internal/integrations/carrier/track24http/client.go:127.2,132.8 1 1
github.com/BearBump/TrackBox/internal/integrations/carrier/track24http/client.go:135.43,138.2 2 1
github.com/BearBump/TrackBox/internal/integrations/carrier/track24http/client.go:140.31,141.13 1 1
github.com/BearBump/TrackBox/internal/integrations/carrier/track24http/client.go:141.13,143.3 1 0
github.com/BearBump/TrackBox/internal/integrations/carrier/track24http/client.go:144.2,144.11 1 1
github.com/BearBump/TrackBox/internal/integrations/carrier/fake/fake.go:16.24,16.48 1 1
github.com/BearBump/TrackBox/internal/integrations/carrier/fake/fake.go:18.120,29.14 8 1
github.com/BearBump/TrackBox/internal/integrations/carrier/fake/fake.go:29.14,31.3 1 0
github.com/BearBump/TrackBox/internal/integrations/carrier/fake/fake.go:33.2,46.8 3 1
github.com/BearBump/TrackBox/internal/integrations/carrier/fake/fake.go:49.28,49.41 1 1
github.com/BearBump/TrackBox/internal/services/trackings/service.go:30.82,32.2 1 1
github.com/BearBump/TrackBox/internal/services/trackings/service.go:34.120,35.21 1 1
github.com/BearBump/TrackBox/internal/services/trackings/service.go:35.21,37.3 1 1
github.com/BearBump/TrackBox/internal/services/trackings/service.go:38.2,38.25 1 1
github.com/BearBump/TrackBox/internal/services/trackings/service.go:38.25,40.3 1 0
github.com/BearBump/TrackBox/internal/services/trackings/service.go:42.2,44.27 3 1
github.com/BearBump/TrackBox/internal/services/trackings/service.go:44.27,45.27 1 1
github.com/BearBump/TrackBox/internal/services/trackings/service.go:45.27,47.4 1 1
github.com/BearBump/TrackBox/internal/services/trackings/service.go:48.3,48.27 1 1
github.com/BearBump/TrackBox/internal/services/trackings/service.go:48.27,50.4 1 1
github.com/BearBump/TrackBox/internal/services/trackings/service.go:51.3,52.27 2 1
github.com/BearBump/TrackBox/internal/services/trackings/service.go:52.27,53.12 1 1
github.com/BearBump/TrackBox/internal/services/trackings/service.go:55.3,56.28 2 1
github.com/BearBump/TrackBox/internal/services/trackings/service.go:59.2,59.48 1 1
github.com/BearBump/TrackBox/internal/services/trackings/service.go:62.100,63.19 1 1
github.com/BearBump/TrackBox/internal/services/trackings/service.go:63.19,65.3 1 0
github.com/BearBump/TrackBox/internal/services/trackings/service.go:68.2,71.40 3 1
github.com/BearBump/TrackBox/internal/services/trackings/service.go:71.40,72.26 1 1
github.com/BearBump/TrackBox/internal/services/trackings/service.go:72.26,75.25 3 1
github.com/BearBump/TrackBox/internal/services/trackings/service.go:75.25,77.13 2 1
github.com/BearBump/TrackBox/internal/services/trackings/service.go:79.4,80.36 2 1
github.com/BearBump/TrackBox/internal/services/trackings/service.go:80.36,82.13 2 0
github.com/BearBump/TrackBox/internal/services/trackings/service.go:84.4,84.16 1 1
github.com/BearBump/TrackBox/internal/services/trackings/service.go:86.8,88.3 1 0
github.com/BearBump/TrackBox/internal/services/trackings/service.go:90.2,92.19 3 1
github.com/BearBump/TrackBox/internal/services/trackings/service.go:92.19,94.17 2 1
github.com/BearBump/TrackBox/internal/services/trackings/service.go:94.17,96.4 1 0
github.com/BearBump/TrackBox/internal/services/trackings/service.go:97.3,97.41 1 1
github.com/BearBump/TrackBox/internal/services/trackings/service.go:97.41,98.29 1 1
github.com/BearBump/TrackBox/internal/services/trackings/service.go:98.29,101.5 2 1
github.com/BearBump/TrackBox/internal/services/trackings/service.go:103.3,103.28 1 1
github.com/BearBump/TrackBox/internal/services/trackings/service.go:103.28,105.4 1 1
github.com/BearBump/TrackBox/internal/services/trackings/service.go:109.2,110.25 2 1
github.com/BearBump/TrackBox/internal/services/trackings/service.go:110.25,111.27 1 1
github.com/BearBump/TrackBox/internal/services/trackings/service.go:111.27,113.4 1 1
github.com/BearBump/TrackBox/internal/services/trackings/service.go:115.2,115.17 1 1
github.com/BearBump/TrackBox/internal/services/trackings/service.go:118.130,120.2 1 1
github.com/BearBump/TrackBox/internal/services/trackings/service.go:122.81,123.21 1 1
github.com/BearBump/TrackBox/internal/services/trackings/service.go:123.21,125.3 1 1
github.com/BearBump/TrackBox/internal/services/trackings/service.go:126.2,126.48 1 1
github.com/BearBump/TrackBox/internal/services/trackings/service.go:129.93,130.25 1 1
github.com/BearBump/TrackBox/internal/services/trackings/service.go:130.25,132.3 1 0
github.com/BearBump/TrackBox/internal/services/trackings/service.go:133.2,133.28 1 1
github.com/BearBump/TrackBox/internal/services/trackings/service.go:133.28,135.3 1 0
github.com/BearBump/TrackBox/internal/services/trackings/service.go:136.2,136.30 1 1
github.com/BearBump/TrackBox/internal/services/trackings/service.go:136.30,139.3 1 0
github.com/BearBump/TrackBox/internal/services/trackings/service.go:141.2,142.31 2 1
github.com/BearBump/TrackBox/internal/services/trackings/service.go:142.31,144.25 2 1
github.com/BearBump/TrackBox/internal/services/trackings/service.go:144.25,147.4 2 0
github.com/BearBump/TrackBox/internal/services/trackings/service.go:148.3,155.5 1 1
github.com/BearBump/TrackBox/internal/services/trackings/service.go:158.2,168.16 2 1
github.com/BearBump/TrackBox/internal/services/trackings/service.go:168.16,170.3 1 0
github.com/BearBump/TrackBox/internal/services/trackings/service.go:173.2,173.40 1 1
github.com/BearBump/TrackBox/internal/services/trackings/service.go:173.40,176.33 2 0
github.com/BearBump/TrackBox/internal/services/trackings/service.go:176.33,179.4 2 0
github.com/BearBump/TrackBox/internal/services/trackings/service.go:182.2,182.12 1 1
github.com/BearBump/TrackBox/internal/services/trackings/service.go:185.35,187.2 1 1
github.com/BearBump/TrackBox/internal/services/poller/planner.go:16.79,17.16 1 1
github.com/BearBump/TrackBox/internal/services/poller/planner.go:18.19,19.30 1 1
github.com/BearBump/TrackBox/internal/services/poller/planner.go:20.20,23.15 3 1
github.com/BearBump/TrackBox/internal/services/poller/planner.go:23.15,25.4 1 1
github.com/BearBump/TrackBox/internal/services/poller/planner.go:26.3,26.60 1 1
github.com/BearBump/TrackBox/internal/services/poller/planner.go:27.10,29.26 1 1
github.com/BearBump/TrackBox/internal/services/poller/planner.go:33.54,34.9 1 1
github.com/BearBump/TrackBox/internal/services/poller/planner.go:35.26,36.25 1 1
github.com/BearBump/TrackBox/internal/services/poller/planner.go:37.26,38.26 1 1
github.com/BearBump/TrackBox/internal/services/poller/planner.go:39.26,40.26 1 1
github.com/BearBump/TrackBox/internal/services/poller/planner.go:41.10,42.26 1 1
github.com/BearBump/TrackBox/internal/services/poller/poller.go:45.108,54.2 1 1
github.com/BearBump/TrackBox/internal/services/poller/poller.go:56.132,57.22 1 1
github.com/BearBump/TrackBox/internal/services/poller/poller.go:57.22,59.3 1 1
github.com/BearBump/TrackBox/internal/services/poller/poller.go:60.2,60.19 1 1
github.com/BearBump/TrackBox/internal/services/poller/poller.go:60.19,62.3 1 1
github.com/BearBump/TrackBox/internal/services/poller/poller.go:63.2,63.21 1 1
github.com/BearBump/TrackBox/internal/services/poller/poller.go:63.21,65.3 1 1
github.com/BearBump/TrackBox/internal/services/poller/poller.go:66.2,66.15 1 1
github.com/BearBump/TrackBox/internal/services/poller/poller.go:66.15,68.3 1 1
github.com/BearBump/TrackBox/internal/services/poller/poller.go:69.2,69.18 1 1
github.com/BearBump/TrackBox/internal/services/poller/poller.go:69.18,71.3 1 1
github.com/BearBump/TrackBox/internal/services/poller/poller.go:72.2,72.10 1 1
github.com/BearBump/TrackBox/internal/services/poller/poller.go:75.78,76.20 1 1
github.com/BearBump/TrackBox/internal/services/poller/poller.go:76.20,78.3 1 1
github.com/BearBump/TrackBox/internal/services/poller/poller.go:79.2,79.22 1 1
github.com/BearBump/TrackBox/internal/services/poller/poller.go:79.22,81.3 1 1
github.com/BearBump/TrackBox/internal/services/poller/poller.go:82.2,82.10 1 1
github.com/BearBump/TrackBox/internal/services/poller/poller.go:85.49,90.6 4 1
github.com/BearBump/TrackBox/internal/services/poller/poller.go:90.6,91.10 1 1
github.com/BearBump/TrackBox/internal/services/poller/poller.go:92.21,93.20 1 1
github.com/BearBump/TrackBox/internal/services/poller/poller.go:94.14,97.18 3 1
github.com/BearBump/TrackBox/internal/services/poller/poller.go:97.18,99.13 2 0
github.com/BearBump/TrackBox/internal/services/poller/poller.go:101.4,101.29 1 1
github.com/BearBump/TrackBox/internal/services/poller/poller.go:101.29,104.15 3 0
github.com/BearBump/TrackBox/internal/services/poller/poller.go:104.15,105.19 1 0
github.com/BearBump/TrackBox/internal/services/poller/poller.go:105.19,105.28 1 0
github.com/BearBump/TrackBox/internal/services/poller/poller.go:106.6,106.54 1 0
github.com/BearBump/TrackBox/internal/services/poller/poller.go:106.54,108.7 1 0
github.com/BearBump/TrackBox/internal/services/poller/poller.go:115.77,118.45 2 1
github.com/BearBump/TrackBox/internal/services/poller/poller.go:118.45,120.25 2 1
github.com/BearBump/TrackBox/internal/services/poller/poller.go:121.15,122.36 1 0
github.com/BearBump/TrackBox/internal/services/poller/poller.go:122.36,124.5 1 0
github.com/BearBump/TrackBox/internal/services/poller/poller.go:125.18,126.38 1 0
github.com/BearBump/TrackBox/internal/services/poller/poller.go:126.38,128.5 1 0
github.com/BearBump/TrackBox/internal/services/poller/poller.go:131.3,133.17 3 1
github.com/BearBump/TrackBox/internal/services/poller/poller.go:133.17,135.4 1 0
github.com/BearBump/TrackBox/internal/services/poller/poller.go:136.3,136.15 1 1
github.com/BearBump/TrackBox/internal/services/poller/poller.go:136.15,140.4 2 0
github.com/BearBump/TrackBox/internal/services/poller/poller.go:143.2,149.16 3 1
github.com/BearBump/TrackBox/internal/services/poller/poller.go:149.16,154.3 4 1
github.com/BearBump/TrackBox/internal/services/poller/poller.go:154.8,159.32 5 1
github.com/BearBump/TrackBox/internal/services/poller/poller.go:159.32,161.52 2 1
github.com/BearBump/TrackBox/internal/services/poller/poller.go:161.52,163.5 1 0
github.com/BearBump/TrackBox/internal/services/poller/poller.go:164.4,171.6 1 1
github.com/BearBump/TrackBox/internal/services/poller/poller.go:175.2,176.16 2 1
github.com/BearBump/TrackBox/internal/services/poller/poller.go:176.16,178.3 1 0
github.com/BearBump/TrackBox/internal/services/poller/poller.go:180.2,181.65 2 1
github.com/BearBump/TrackBox/internal/services/poller/poller.go:181.65,183.3 1 0
github.com/BearBump/TrackBox/internal/services/poller/poller.go:184.2,184.12 1 1
github.com/BearBump/TrackBox/internal/cache/rediscache/ratelimiter.go:15.47,19.2 1 1
github.com/BearBump/TrackBox/internal/cache/rediscache/ratelimiter.go:23.119,28.16 5 1
github.com/BearBump/TrackBox/internal/cache/rediscache/ratelimiter.go:28.16,30.3 1 0
github.com/BearBump/TrackBox/internal/cache/rediscache/ratelimiter.go:31.2,32.27 2 1
github.com/BearBump/TrackBox/internal/cache/rediscache/rediscache.go:15.35,21.2 1 1
github.com/BearBump/TrackBox/internal/cache/rediscache/rediscache.go:23.81,25.22 2 1
github.com/BearBump/TrackBox/internal/cache/rediscache/rediscache.go:25.22,27.3 1 0
github.com/BearBump/TrackBox/internal/cache/rediscache/rediscache.go:28.2,28.16 1 1
github.com/BearBump/TrackBox/internal/cache/rediscache/rediscache.go:28.16,30.3 1 0
github.com/BearBump/TrackBox/internal/cache/rediscache/rediscache.go:31.2,31.23 1 1
github.com/BearBump/TrackBox/internal/cache/rediscache/rediscache.go:34.98,35.60 1 1
github.com/BearBump/TrackBox/internal/cache/rediscache/rediscache.go:35.60,37.3 1 0
github.com/BearBump/TrackBox/internal/cache/rediscache/rediscache.go:38.2,38.12 1 1
github.com/BearBump/TrackBox/internal/storage/pgtracking/events_repo.go:29.130,30.31 1 1
github.com/BearBump/TrackBox/internal/storage/pgtracking/events_repo.go:30.31,32.3 1 0
github.com/BearBump/TrackBox/internal/storage/pgtracking/events_repo.go:33.2,33.16 1 1
github.com/BearBump/TrackBox/internal/storage/pgtracking/events_repo.go:33.16,35.3 1 0
github.com/BearBump/TrackBox/internal/storage/pgtracking/events_repo.go:37.2,46.16 2 1
github.com/BearBump/TrackBox/internal/storage/pgtracking/events_repo.go:46.16,48.3 1 0
github.com/BearBump/TrackBox/internal/storage/pgtracking/events_repo.go:49.2,52.18 3 1
github.com/BearBump/TrackBox/internal/storage/pgtracking/events_repo.go:52.18,60.17 5 1
github.com/BearBump/TrackBox/internal/storage/pgtracking/events_repo.go:60.17,62.4 1 0
github.com/BearBump/TrackBox/internal/storage/pgtracking/events_repo.go:64.3,67.21 3 1
github.com/BearBump/TrackBox/internal/storage/pgtracking/events_repo.go:67.21,71.4 3 0
github.com/BearBump/TrackBox/internal/storage/pgtracking/events_repo.go:73.3,73.24 1 1
github.com/BearBump/TrackBox/internal/storage/pgtracking/events_repo.go:75.2,75.23 1 1
github.com/BearBump/TrackBox/internal/storage/pgtracking/events_repo.go:75.23,77.3 1 0
github.com/BearBump/TrackBox/internal/storage/pgtracking/events_repo.go:78.2,78.17 1 1
github.com/BearBump/TrackBox/internal/storage/pgtracking/events_repo.go:81.86,83.16 2 1
github.com/BearBump/TrackBox/internal/storage/pgtracking/events_repo.go:83.16,85.3 1 0
github.com/BearBump/TrackBox/internal/storage/pgtracking/events_repo.go:86.2,86.15 1 1
github.com/BearBump/TrackBox/internal/storage/pgtracking/events_repo.go:86.15,86.39 1 1
github.com/BearBump/TrackBox/internal/storage/pgtracking/events_repo.go:88.2,88.42 1 1
github.com/BearBump/TrackBox/internal/storage/pgtracking/events_repo.go:88.42,99.17 2 0
github.com/BearBump/TrackBox/internal/storage/pgtracking/events_repo.go:99.17,101.4 1 0
github.com/BearBump/TrackBox/internal/storage/pgtracking/events_repo.go:102.8,116.17 2 1
github.com/BearBump/TrackBox/internal/storage/pgtracking/events_repo.go:116.17,118.4 1 0
github.com/BearBump/TrackBox/internal/storage/pgtracking/events_repo.go:120.3,120.32 1 1
github.com/BearBump/TrackBox/internal/storage/pgtracking/events_repo.go:120.32,122.52 2 1
github.com/BearBump/TrackBox/internal/storage/pgtracking/events_repo.go:122.52,124.58 2 0
github.com/BearBump/TrackBox/internal/storage/pgtracking/events_repo.go:124.58,126.6 1 0
github.com/BearBump/TrackBox/internal/storage/pgtracking/events_repo.go:129.4,135.18 2 1
github.com/BearBump/TrackBox/internal/storage/pgtracking/events_repo.go:135.18,137.5 1 0
github.com/BearBump/TrackBox/internal/storage/pgtracking/events_repo.go:141.2,141.39 1 1
github.com/BearBump/TrackBox/internal/storage/pgtracking/events_repo.go:141.39,143.3 1 0
github.com/BearBump/TrackBox/internal/storage/pgtracking/events_repo.go:144.2,144.12 1 1
github.com/BearBump/TrackBox/internal/storage/pgtracking/pgtracking.go:14.47,16.16 2 1
github.com/BearBump/TrackBox/internal/storage/pgtracking/pgtracking.go:16.16,18.3 1 0
github.com/BearBump/TrackBox/internal/storage/pgtracking/pgtracking.go:20.2,21.16 2 1
github.com/BearBump/TrackBox/internal/storage/pgtracking/pgtracking.go:21.16,23.3 1 0
github.com/BearBump/TrackBox/internal/storage/pgtracking/pgtracking.go:25.2,26.59 2 1
github.com/BearBump/TrackBox/internal/storage/pgtracking/pgtracking.go:26.59,28.3 1 0
github.com/BearBump/TrackBox/internal/storage/pgtracking/pgtracking.go:30.2,30.15 1 1
github.com/BearBump/TrackBox/internal/storage/pgtracking/pgtracking.go:33.27,34.17 1 1
github.com/BearBump/TrackBox/internal/storage/pgtracking/pgtracking.go:34.17,36.3 1 1
github.com/BearBump/TrackBox/internal/storage/pgtracking/schema.go:9.57,43.26 2 1
github.com/BearBump/TrackBox/internal/storage/pgtracking/schema.go:43.26,44.46 1 1
github.com/BearBump/TrackBox/internal/storage/pgtracking/schema.go:44.46,46.4 1 0
github.com/BearBump/TrackBox/internal/storage/pgtracking/schema.go:48.2,48.12 1 1
github.com/BearBump/TrackBox/internal/storage/pgtracking/trackings_repo.go:17.125,21.16 3 1
github.com/BearBump/TrackBox/internal/storage/pgtracking/trackings_repo.go:21.16,23.3 1 0
github.com/BearBump/TrackBox/internal/storage/pgtracking/trackings_repo.go:24.2,24.15 1 1
github.com/BearBump/TrackBox/internal/storage/pgtracking/trackings_repo.go:24.15,24.39 1 1
github.com/BearBump/TrackBox/internal/storage/pgtracking/trackings_repo.go:26.2,27.27 2 1
github.com/BearBump/TrackBox/internal/storage/pgtracking/trackings_repo.go:27.27,38.17 3 1
github.com/BearBump/TrackBox/internal/storage/pgtracking/trackings_repo.go:38.17,40.4 1 0
github.com/BearBump/TrackBox/internal/storage/pgtracking/trackings_repo.go:41.3,41.24 1 1
github.com/BearBump/TrackBox/internal/storage/pgtracking/trackings_repo.go:44.2,44.39 1 1
github.com/BearBump/TrackBox/internal/storage/pgtracking/trackings_repo.go:44.39,46.3 1 0
github.com/BearBump/TrackBox/internal/storage/pgtracking/trackings_repo.go:48.2,48.38 1 1
github.com/BearBump/TrackBox/internal/storage/pgtracking/trackings_repo.go:51.100,52.19 1 1
github.com/BearBump/TrackBox/internal/storage/pgtracking/trackings_repo.go:52.19,54.3 1 0
github.com/BearBump/TrackBox/internal/storage/pgtracking/trackings_repo.go:56.2,66.16 2 1
github.com/BearBump/TrackBox/internal/storage/pgtracking/trackings_repo.go:66.16,68.3 1 0
github.com/BearBump/TrackBox/internal/storage/pgtracking/trackings_repo.go:69.2,72.18 3 1
github.com/BearBump/TrackBox/internal/storage/pgtracking/trackings_repo.go:72.18,83.17 5 1
github.com/BearBump/TrackBox/internal/storage/pgtracking/trackings_repo.go:83.17,85.4 1 0
github.com/BearBump/TrackBox/internal/storage/pgtracking/trackings_repo.go:86.3,89.24 4 1
github.com/BearBump/TrackBox/internal/storage/pgtracking/trackings_repo.go:92.2,92.23 1 1
github.com/BearBump/TrackBox/internal/storage/pgtracking/trackings_repo.go:92.23,94.3 1 0
github.com/BearBump/TrackBox/internal/storage/pgtracking/trackings_repo.go:95.2,95.17 1 1
github.com/BearBump/TrackBox/internal/storage/pgtracking/trackings_repo.go:98.81,101.2 2 1
github.com/BearBump/TrackBox/internal/storage/pgtracking/trackings_repo.go:106.133,108.16 2 1
github.com/BearBump/TrackBox/internal/storage/pgtracking/trackings_repo.go:108.16,110.3 1 0
github.com/BearBump/TrackBox/internal/storage/pgtracking/trackings_repo.go:111.2,111.15 1 1
github.com/BearBump/TrackBox/internal/storage/pgtracking/trackings_repo.go:111.15,111.39 1 1
github.com/BearBump/TrackBox/internal/storage/pgtracking/trackings_repo.go:113.2,127.16 2 1
github.com/BearBump/TrackBox/internal/storage/pgtracking/trackings_repo.go:127.16,129.3 1 0
github.com/BearBump/TrackBox/internal/storage/pgtracking/trackings_repo.go:130.2,133.18 3 1
github.com/BearBump/TrackBox/internal/storage/pgtracking/trackings_repo.go:133.18,144.17 5 1
github.com/BearBump/TrackBox/internal/storage/pgtracking/trackings_repo.go:144.17,146.4 1 0
github.com/BearBump/TrackBox/internal/storage/pgtracking/trackings_repo.go:147.3,150.30 4 1
github.com/BearBump/TrackBox/internal/storage/pgtracking/trackings_repo.go:152.2,152.23 1 1
github.com/BearBump/TrackBox/internal/storage/pgtracking/trackings_repo.go:152.23,154.3 1 0
github.com/BearBump/TrackBox/internal/storage/pgtracking/trackings_repo.go:156.2,157.27 2 1
github.com/BearBump/TrackBox/internal/storage/pgtracking/trackings_repo.go:157.27,159.17 2 1
github.com/BearBump/TrackBox/internal/storage/pgtracking/trackings_repo.go:159.17,161.4 1 0
github.com/BearBump/TrackBox/internal/storage/pgtracking/trackings_repo.go:162.3,162.29 1 1
github.com/BearBump/TrackBox/internal/storage/pgtracking/trackings_repo.go:165.2,165.39 1 1
github.com/BearBump/TrackBox/internal/storage/pgtracking/trackings_repo.go:165.39,167.3 1 0
github.com/BearBump/TrackBox/internal/storage/pgtracking/trackings_repo.go:168.2,168.20 1 1
github.com/BearBump/TrackBox/cmd/track-worker/app.go:26.47,28.75 1 1
github.com/BearBump/TrackBox/cmd/track-worker/app.go:28.75,30.21 2 0
github.com/BearBump/TrackBox/cmd/track-worker/app.go:30.21,32.5 1 0
github.com/BearBump/TrackBox/cmd/track-worker/app.go:33.4,36.18 3 0
github.com/BearBump/TrackBox/cmd/track-worker/app.go:36.18,38.5 1 0
github.com/BearBump/TrackBox/cmd/track-worker/app.go:39.4,39.28 1 0
github.com/BearBump/TrackBox/cmd/track-worker/app.go:41.57,44.4 2 1
github.com/BearBump/TrackBox/cmd/track-worker/app.go:45.63,48.4 2 1
github.com/BearBump/TrackBox/cmd/track-worker/app.go:49.61,52.91 1 1
github.com/BearBump/TrackBox/cmd/track-worker/app.go:52.91,53.45 1 1
github.com/BearBump/TrackBox/cmd/track-worker/app.go:54.15,55.100 1 1
github.com/BearBump/TrackBox/cmd/track-worker/app.go:56.20,57.137 1 1
github.com/BearBump/TrackBox/cmd/track-worker/app.go:58.13,59.23 1 1
github.com/BearBump/TrackBox/cmd/track-worker/app.go:62.4,62.21 1 0
github.com/BearBump/TrackBox/cmd/track-worker/app.go:67.87,69.17 2 1
github.com/BearBump/TrackBox/cmd/track-worker/app.go:69.17,71.3 1 0
github.com/BearBump/TrackBox/cmd/track-worker/app.go:73.2,74.23 2 1
github.com/BearBump/TrackBox/cmd/track-worker/app.go:74.23,76.3 1 0
github.com/BearBump/TrackBox/cmd/track-worker/app.go:77.2,78.20 2 1
github.com/BearBump/TrackBox/cmd/track-worker/app.go:78.20,80.3 1 1
github.com/BearBump/TrackBox/cmd/track-worker/app.go:81.2,82.22 2 1
github.com/BearBump/TrackBox/cmd/track-worker/app.go:82.22,84.3 1 1
github.com/BearBump/TrackBox/cmd/track-worker/app.go:85.2,86.16 2 1
github.com/BearBump/TrackBox/cmd/track-worker/app.go:86.16,88.3 1 1
github.com/BearBump/TrackBox/cmd/track-worker/app.go:89.2,90.19 2 1
github.com/BearBump/TrackBox/cmd/track-worker/app.go:90.19,92.3 1 1
github.com/BearBump/TrackBox/cmd/track-worker/app.go:94.2,95.16 2 1
github.com/BearBump/TrackBox/cmd/track-worker/app.go:95.16,97.3 1 0
github.com/BearBump/TrackBox/cmd/track-worker/app.go:98.2,98.20 1 1
github.com/BearBump/TrackBox/cmd/track-worker/app.go:98.20,100.3 1 1
github.com/BearBump/TrackBox/cmd/track-worker/app.go:102.2,110.19 5 1
github.com/BearBump/TrackBox/cmd/track-worker/main.go:13.13,15.16 2 0
github.com/BearBump/TrackBox/cmd/track-worker/main.go:15.16,16.78 1 0
github.com/BearBump/TrackBox/cmd/track-worker/main.go:19.2,22.102 3 0
github.com/BearBump/TrackBox/cmd/track-worker/main.go:22.102,23.13 1 0
