mode: set
github.com/BearBump/TrackBox/internal/api/trackings_api/trackings_api.go:19.48,21.2 1 1
github.com/BearBump/TrackBox/internal/api/trackings_api/trackings_api.go:23.152,25.36 2 1
github.com/BearBump/TrackBox/internal/api/trackings_api/trackings_api.go:25.36,30.3 1 1
github.com/BearBump/TrackBox/internal/api/trackings_api/trackings_api.go:31.2,32.16 2 1
github.com/BearBump/TrackBox/internal/api/trackings_api/trackings_api.go:32.16,34.3 1 0
github.com/BearBump/TrackBox/internal/api/trackings_api/trackings_api.go:35.2,35.82 1 1
github.com/BearBump/TrackBox/internal/api/trackings_api/trackings_api.go:38.158,40.16 2 1
github.com/BearBump/TrackBox/internal/api/trackings_api/trackings_api.go:40.16,42.3 1 0
github.com/BearBump/TrackBox/internal/api/trackings_api/trackings_api.go:43.2,43.84 1 1
github.com/BearBump/TrackBox/internal/api/trackings_api/trackings_api.go:46.161,48.16 2 1
github.com/BearBump/TrackBox/internal/api/trackings_api/trackings_api.go:48.16,50.3 1 0
github.com/BearBump/TrackBox/internal/api/trackings_api/trackings_api.go:51.2,52.24 2 1
github.com/BearBump/TrackBox/internal/api/trackings_api/trackings_api.go:52.24,64.3 1 1
github.com/BearBump/TrackBox/internal/api/trackings_api/trackings_api.go:65.2,65.68 1 1
github.com/BearBump/TrackBox/internal/api/trackings_api/trackings_api.go:68.128,69.72 1 1
github.com/BearBump/TrackBox/internal/api/trackings_api/trackings_api.go:69.72,71.3 1 0
github.com/BearBump/TrackBox/internal/api/trackings_api/trackings_api.go:72.2,72.30 1 1
github.com/BearBump/TrackBox/internal/api/trackings_api/trackings_api.go:75.65,77.23 2 1
github.com/BearBump/TrackBox/internal/api/trackings_api/trackings_api.go:77.23,79.24 2 1
github.com/BearBump/TrackBox/internal/api/trackings_api/trackings_api.go:79.24,81.4 1 0
github.com/BearBump/TrackBox/internal/api/trackings_api/trackings_api.go:82.3,83.29 2 1
github.com/BearBump/TrackBox/internal/api/trackings_api/trackings_api.go:83.29,85.4 1 0
github.com/BearBump/TrackBox/internal/api/trackings_api/trackings_api.go:86.3,99.5 1 1
github.com/BearBump/TrackBox/internal/api/trackings_api/trackings_api.go:101.2,101.12 1 1
github.com/BearBump/TrackBox/internal/api/trackings_api/trackings_api.go:104.36,105.14 1 1
github.com/BearBump/TrackBox/internal/api/trackings_api/trackings_api.go:105.14,107.3 1 1
github.com/BearBump/TrackBox/internal/api/trackings_api/trackings_api.go:108.2,108.11 1 1
github.com/BearBump/TrackBox/internal/broker/kafka/consumer.go:20.69,30.2 1 0
github.com/BearBump/TrackBox/internal/broker/kafka/consumer.go:32.55,34.2 1 0
github.com/BearBump/TrackBox/internal/broker/kafka/consumer.go:36.34,38.2 1 0
github.com/BearBump/TrackBox/internal/broker/kafka/consumer.go:40.94,41.6 1 0
github.com/BearBump/TrackBox/internal/broker/kafka/consumer.go:41.6,43.17 2 0
github.com/BearBump/TrackBox/internal/broker/kafka/consumer.go:43.17,45.4 1 0
github.com/BearBump/TrackBox/internal/broker/kafka/consumer.go:46.3,46.53 1 0
github.com/BearBump/TrackBox/internal/broker/kafka/consumer.go:46.53,50.4 1 0
github.com/BearBump/TrackBox/internal/broker/kafka/producer.go:18.46,25.2 1 0
github.com/BearBump/TrackBox/internal/broker/kafka/producer.go:27.55,29.2 1 0
github.com/BearBump/TrackBox/internal/broker/kafka/producer.go:31.88,36.17 1 0
github.com/BearBump/TrackBox/internal/broker/kafka/producer.go:36.17,38.3 1 0
github.com/BearBump/TrackBox/internal/broker/kafka/producer.go:39.2,39.12 1 0
github.com/BearBump/TrackBox/internal/cache/rediscache/ratelimiter.go:15.47,19.2 1 0
github.com/BearBump/TrackBox/internal/cache/rediscache/ratelimiter.go:23.119,28.16 5 0
github.com/BearBump/TrackBox/internal/cache/rediscache/ratelimiter.go:28.16,30.3 1 0
github.com/BearBump/TrackBox/internal/cache/rediscache/ratelimiter.go:31.2,32.27 2 0
github.com/BearBump/TrackBox/internal/cache/rediscache/rediscache.go:15.35,21.2 1 0
github.com/BearBump/TrackBox/internal/cache/rediscache/rediscache.go:23.81,25.22 2 0
github.com/BearBump/TrackBox/internal/cache/rediscache/rediscache.go:25.22,27.3 1 0
github.com/BearBump/TrackBox/internal/cache/rediscache/rediscache.go:28.2,28.16 1 0
github.com/BearBump/TrackBox/internal/cache/rediscache/rediscache.go:28.16,30.3 1 0
github.com/BearBump/TrackBox/internal/cache/rediscache/rediscache.go:31.2,31.23 1 0
github.com/BearBump/TrackBox/internal/cache/rediscache/rediscache.go:34.98,35.60 1 0
github.com/BearBump/TrackBox/internal/cache/rediscache/rediscache.go:35.60,37.3 1 0
github.com/BearBump/TrackBox/internal/cache/rediscache/rediscache.go:38.2,38.12 1 0
github.com/BearBump/TrackBox/internal/services/trackings/service.go:30.82,32.2 1 1
github.com/BearBump/TrackBox/internal/services/trackings/service.go:34.120,35.21 1 1
github.com/BearBump/TrackBox/internal/services/trackings/service.go:35.21,37.3 1 0
github.com/BearBump/TrackBox/internal/services/trackings/service.go:38.2,38.25 1 1
github.com/BearBump/TrackBox/internal/services/trackings/service.go:38.25,40.3 1 0
github.com/BearBump/TrackBox/internal/services/trackings/service.go:42.2,44.27 3 1
github.com/BearBump/TrackBox/internal/services/trackings/service.go:44.27,45.27 1 1
github.com/BearBump/TrackBox/internal/services/trackings/service.go:45.27,47.4 1 0
github.com/BearBump/TrackBox/internal/services/trackings/service.go:48.3,48.27 1 1
github.com/BearBump/TrackBox/internal/services/trackings/service.go:48.27,50.4 1 0
github.com/BearBump/TrackBox/internal/services/trackings/service.go:51.3,52.27 2 1
github.com/BearBump/TrackBox/internal/services/trackings/service.go:52.27,53.12 1 0
github.com/BearBump/TrackBox/internal/services/trackings/service.go:55.3,56.28 2 1
github.com/BearBump/TrackBox/internal/services/trackings/service.go:59.2,59.48 1 1
github.com/BearBump/TrackBox/internal/services/trackings/service.go:62.100,63.19 1 1
github.com/BearBump/TrackBox/internal/services/trackings/service.go:63.19,65.3 1 0
github.com/BearBump/TrackBox/internal/services/trackings/service.go:68.2,71.40 3 1
github.com/BearBump/TrackBox/internal/services/trackings/service.go:71.40,72.26 1 0
github.com/BearBump/TrackBox/internal/services/trackings/service.go:72.26,75.25 3 0
github.com/BearBump/TrackBox/internal/services/trackings/service.go:75.25,77.13 2 0
github.com/BearBump/TrackBox/internal/services/trackings/service.go:79.4,80.36 2 0
github.com/BearBump/TrackBox/internal/services/trackings/service.go:80.36,82.13 2 0
github.com/BearBump/TrackBox/internal/services/trackings/service.go:84.4,84.16 1 0
github.com/BearBump/TrackBox/internal/services/trackings/service.go:86.8,88.3 1 1
github.com/BearBump/TrackBox/internal/services/trackings/service.go:90.2,92.19 3 1
github.com/BearBump/TrackBox/internal/services/trackings/service.go:92.19,94.17 2 1
github.com/BearBump/TrackBox/internal/services/trackings/service.go:94.17,96.4 1 0
github.com/BearBump/TrackBox/internal/services/trackings/service.go:97.3,97.41 1 1
github.com/BearBump/TrackBox/internal/services/trackings/service.go:97.41,98.29 1 0
github.com/BearBump/TrackBox/internal/services/trackings/service.go:98.29,101.5 2 0
github.com/BearBump/TrackBox/internal/services/trackings/service.go:103.3,103.28 1 1
github.com/BearBump/TrackBox/internal/services/trackings/service.go:103.28,105.4 1 1
github.com/BearBump/TrackBox/internal/services/trackings/service.go:109.2,110.25 2 1
github.com/BearBump/TrackBox/internal/services/trackings/service.go:110.25,111.27 1 1
github.com/BearBump/TrackBox/internal/services/trackings/service.go:111.27,113.4 1 1
github.com/BearBump/TrackBox/internal/services/trackings/service.go:115.2,115.17 1 1
github.com/BearBump/TrackBox/internal/services/trackings/service.go:118.130,120.2 1 1
github.com/BearBump/TrackBox/internal/services/trackings/service.go:122.81,123.21 1 1
github.com/BearBump/TrackBox/internal/services/trackings/service.go:123.21,125.3 1 0
github.com/BearBump/TrackBox/internal/services/trackings/service.go:126.2,126.48 1 1
github.com/BearBump/TrackBox/internal/services/trackings/service.go:129.93,130.25 1 0
github.com/BearBump/TrackBox/internal/services/trackings/service.go:130.25,132.3 1 0
github.com/BearBump/TrackBox/internal/services/trackings/service.go:133.2,133.28 1 0
github.com/BearBump/TrackBox/internal/services/trackings/service.go:133.28,135.3 1 0
github.com/BearBump/TrackBox/internal/services/trackings/service.go:136.2,136.30 1 0
github.com/BearBump/TrackBox/internal/services/trackings/service.go:136.30,139.3 1 0
github.com/BearBump/TrackBox/internal/services/trackings/service.go:141.2,142.31 2 0
github.com/BearBump/TrackBox/internal/services/trackings/service.go:142.31,144.25 2 0
github.com/BearBump/TrackBox/internal/services/trackings/service.go:144.25,147.4 2 0
github.com/BearBump/TrackBox/internal/services/trackings/service.go:148.3,155.5 1 0
github.com/BearBump/TrackBox/internal/services/trackings/service.go:158.2,168.16 2 0
github.com/BearBump/TrackBox/internal/services/trackings/service.go:168.16,170.3 1 0
github.com/BearBump/TrackBox/internal/services/trackings/service.go:173.2,173.40 1 0
github.com/BearBump/TrackBox/internal/services/trackings/service.go:173.40,176.33 2 0
github.com/BearBump/TrackBox/internal/services/trackings/service.go:176.33,179.4 2 0
github.com/BearBump/TrackBox/internal/services/trackings/service.go:182.2,182.12 1 0
github.com/BearBump/TrackBox/internal/services/trackings/service.go:185.35,187.2 1 0
github.com/BearBump/TrackBox/internal/storage/pgtracking/events_repo.go:29.130,30.31 1 0
github.com/BearBump/TrackBox/internal/storage/pgtracking/events_repo.go:30.31,32.3 1 0
github.com/BearBump/TrackBox/internal/storage/pgtracking/events_repo.go:33.2,33.16 1 0
github.com/BearBump/TrackBox/internal/storage/pgtracking/events_repo.go:33.16,35.3 1 0
github.com/BearBump/TrackBox/internal/storage/pgtracking/events_repo.go:37.2,46.16 2 0
github.com/BearBump/TrackBox/internal/storage/pgtracking/events_repo.go:46.16,48.3 1 0
github.com/BearBump/TrackBox/internal/storage/pgtracking/events_repo.go:49.2,52.18 3 0
github.com/BearBump/TrackBox/internal/storage/pgtracking/events_repo.go:52.18,60.17 5 0
github.com/BearBump/TrackBox/internal/storage/pgtracking/events_repo.go:60.17,62.4 1 0
github.com/BearBump/TrackBox/internal/storage/pgtracking/events_repo.go:64.3,67.21 3 0
github.com/BearBump/TrackBox/internal/storage/pgtracking/events_repo.go:67.21,71.4 3 0
github.com/BearBump/TrackBox/internal/storage/pgtracking/events_repo.go:73.3,73.24 1 0
github.com/BearBump/TrackBox/internal/storage/pgtracking/events_repo.go:75.2,75.23 1 0
github.com/BearBump/TrackBox/internal/storage/pgtracking/events_repo.go:75.23,77.3 1 0
github.com/BearBump/TrackBox/internal/storage/pgtracking/events_repo.go:78.2,78.17 1 0
github.com/BearBump/TrackBox/internal/storage/pgtracking/events_repo.go:81.86,83.16 2 0
github.com/BearBump/TrackBox/internal/storage/pgtracking/events_repo.go:83.16,85.3 1 0
github.com/BearBump/TrackBox/internal/storage/pgtracking/events_repo.go:86.2,86.15 1 0
github.com/BearBump/TrackBox/internal/storage/pgtracking/events_repo.go:86.15,86.39 1 0
github.com/BearBump/TrackBox/internal/storage/pgtracking/events_repo.go:88.2,88.42 1 0
github.com/BearBump/TrackBox/internal/storage/pgtracking/events_repo.go:88.42,99.17 2 0
github.com/BearBump/TrackBox/internal/storage/pgtracking/events_repo.go:99.17,101.4 1 0
github.com/BearBump/TrackBox/internal/storage/pgtracking/events_repo.go:102.8,116.17 2 0
github.com/BearBump/TrackBox/internal/storage/pgtracking/events_repo.go:116.17,118.4 1 0
github.com/BearBump/TrackBox/internal/storage/pgtracking/events_repo.go:120.3,120.32 1 0
github.com/BearBump/TrackBox/internal/storage/pgtracking/events_repo.go:120.32,122.52 2 0
github.com/BearBump/TrackBox/internal/storage/pgtracking/events_repo.go:122.52,124.58 2 0
github.com/BearBump/TrackBox/internal/storage/pgtracking/events_repo.go:124.58,126.6 1 0
github.com/BearBump/TrackBox/internal/storage/pgtracking/events_repo.go:129.4,135.18 2 0
github.com/BearBump/TrackBox/internal/storage/pgtracking/events_repo.go:135.18,137.5 1 0
github.com/BearBump/TrackBox/internal/storage/pgtracking/events_repo.go:141.2,141.39 1 0
github.com/BearBump/TrackBox/internal/storage/pgtracking/events_repo.go:141.39,143.3 1 0
github.com/BearBump/TrackBox/internal/storage/pgtracking/events_repo.go:144.2,144.12 1 0
github.com/BearBump/TrackBox/internal/storage/pgtracking/pgtracking.go:14.47,16.16 2 0
github.com/BearBump/TrackBox/internal/storage/pgtracking/pgtracking.go:16.16,18.3 1 0
github.com/BearBump/TrackBox/internal/storage/pgtracking/pgtracking.go:20.2,21.16 2 0
github.com/BearBump/TrackBox/internal/storage/pgtracking/pgtracking.go:21.16,23.3 1 0
github.com/BearBump/TrackBox/internal/storage/pgtracking/pgtracking.go:25.2,26.59 2 0
github.com/BearBump/TrackBox/internal/storage/pgtracking/pgtracking.go:26.59,28.3 1 0
github.com/BearBump/TrackBox/internal/storage/pgtracking/pgtracking.go:30.2,30.15 1 0
github.com/BearBump/TrackBox/internal/storage/pgtracking/pgtracking.go:33.27,34.17 1 0
github.com/BearBump/TrackBox/internal/storage/pgtracking/pgtracking.go:34.17,36.3 1 0
github.com/BearBump/TrackBox/internal/storage/pgtracking/schema.go:9.57,43.26 2 0
github.com/BearBump/TrackBox/internal/storage/pgtracking/schema.go:43.26,44.46 1 0
github.com/BearBump/TrackBox/internal/storage/pgtracking/schema.go:44.46,46.4 1 0
github.com/BearBump/TrackBox/internal/storage/pgtracking/schema.go:48.2,48.12 1 0
github.com/BearBump/TrackBox/internal/storage/pgtracking/trackings_repo.go:17.125,21.16 3 0
github.com/BearBump/TrackBox/internal/storage/pgtracking/trackings_repo.go:21.16,23.3 1 0
github.com/BearBump/TrackBox/internal/storage/pgtracking/trackings_repo.go:24.2,24.15 1 0
github.com/BearBump/TrackBox/internal/storage/pgtracking/trackings_repo.go:24.15,24.39 1 0
github.com/BearBump/TrackBox/internal/storage/pgtracking/trackings_repo.go:26.2,27.27 2 0
github.com/BearBump/TrackBox/internal/storage/pgtracking/trackings_repo.go:27.27,38.17 3 0
github.com/BearBump/TrackBox/internal/storage/pgtracking/trackings_repo.go:38.17,40.4 1 0
github.com/BearBump/TrackBox/internal/storage/pgtracking/trackings_repo.go:41.3,41.24 1 0
github.com/BearBump/TrackBox/internal/storage/pgtracking/trackings_repo.go:44.2,44.39 1 0
github.com/BearBump/TrackBox/internal/storage/pgtracking/trackings_repo.go:44.39,46.3 1 0
github.com/BearBump/TrackBox/internal/storage/pgtracking/trackings_repo.go:48.2,48.38 1 0
github.com/BearBump/TrackBox/internal/storage/pgtracking/trackings_repo.go:51.100,52.19 1 0
github.com/BearBump/TrackBox/internal/storage/pgtracking/trackings_repo.go:52.19,54.3 1 0
github.com/BearBump/TrackBox/internal/storage/pgtracking/trackings_repo.go:56.2,66.16 2 0
github.com/BearBump/TrackBox/internal/storage/pgtracking/trackings_repo.go:66.16,68.3 1 0
github.com/BearBump/TrackBox/internal/storage/pgtracking/trackings_repo.go:69.2,72.18 3 0
github.com/BearBump/TrackBox/internal/storage/pgtracking/trackings_repo.go:72.18,83.17 5 0
github.com/BearBump/TrackBox/internal/storage/pgtracking/trackings_repo.go:83.17,85.4 1 0
github.com/BearBump/TrackBox/internal/storage/pgtracking/trackings_repo.go:86.3,89.24 4 0
github.com/BearBump/TrackBox/internal/storage/pgtracking/trackings_repo.go:92.2,92.23 1 0
github.com/BearBump/TrackBox/internal/storage/pgtracking/trackings_repo.go:92.23,94.3 1 0
github.com/BearBump/TrackBox/internal/storage/pgtracking/trackings_repo.go:95.2,95.17 1 0
github.com/BearBump/TrackBox/internal/storage/pgtracking/trackings_repo.go:98.81,101.2 2 0
github.com/BearBump/TrackBox/internal/storage/pgtracking/trackings_repo.go:106.133,108.16 2 0
github.com/BearBump/TrackBox/internal/storage/pgtracking/trackings_repo.go:108.16,110.3 1 0
github.com/BearBump/TrackBox/internal/storage/pgtracking/trackings_repo.go:111.2,111.15 1 0
github.com/BearBump/TrackBox/internal/storage/pgtracking/trackings_repo.go:111.15,111.39 1 0
github.com/BearBump/TrackBox/internal/storage/pgtracking/trackings_repo.go:113.2,127.16 2 0
github.com/BearBump/TrackBox/internal/storage/pgtracking/trackings_repo.go:127.16,129.3 1 0
github.com/BearBump/TrackBox/internal/storage/pgtracking/trackings_repo.go:130.2,133.18 3 0
github.com/BearBump/TrackBox/internal/storage/pgtracking/trackings_repo.go:133.18,144.17 5 0
github.com/BearBump/TrackBox/internal/storage/pgtracking/trackings_repo.go:144.17,146.4 1 0
github.com/BearBump/TrackBox/internal/storage/pgtracking/trackings_repo.go:147.3,150.30 4 0
github.com/BearBump/TrackBox/internal/storage/pgtracking/trackings_repo.go:152.2,152.23 1 0
github.com/BearBump/TrackBox/internal/storage/pgtracking/trackings_repo.go:152.23,154.3 1 0
github.com/BearBump/TrackBox/internal/storage/pgtracking/trackings_repo.go:156.2,157.27 2 0
github.com/BearBump/TrackBox/internal/storage/pgtracking/trackings_repo.go:157.27,159.17 2 0
github.com/BearBump/TrackBox/internal/storage/pgtracking/trackings_repo.go:159.17,161.4 1 0
github.com/BearBump/TrackBox/internal/storage/pgtracking/trackings_repo.go:162.3,162.29 1 0
github.com/BearBump/TrackBox/internal/storage/pgtracking/trackings_repo.go:165.2,165.39 1 0
github.com/BearBump/TrackBox/internal/storage/pgtracking/trackings_repo.go:165.39,167.3 1 0
github.com/BearBump/TrackBox/internal/storage/pgtracking/trackings_repo.go:168.2,168.20 1 0
github.com/BearBump/TrackBox/internal/api/trackings_api/trackings_api.go:19.48,21.2 1 0
github.com/BearBump/TrackBox/internal/api/trackings_api/trackings_api.go:23.152,25.36 2 0
github.com/BearBump/TrackBox/internal/api/trackings_api/trackings_api.go:25.36,30.3 1 0
github.com/BearBump/TrackBox/internal/api/trackings_api/trackings_api.go:31.2,32.16 2 0
github.com/BearBump/TrackBox/internal/api/trackings_api/trackings_api.go:32.16,34.3 1 0
github.com/BearBump/TrackBox/internal/api/trackings_api/trackings_api.go:35.2,35.82 1 0
github.com/BearBump/TrackBox/internal/api/trackings_api/trackings_api.go:38.158,40.16 2 0
github.com/BearBump/TrackBox/internal/api/trackings_api/trackings_api.go:40.16,42.3 1 0
github.com/BearBump/TrackBox/internal/api/trackings_api/trackings_api.go:43.2,43.84 1 0
github.com/BearBump/TrackBox/internal/api/trackings_api/trackings_api.go:46.161,48.16 2 0
github.com/BearBump/TrackBox/internal/api/trackings_api/trackings_api.go:48.16,50.3 1 0
github.com/BearBump/TrackBox/internal/api/trackings_api/trackings_api.go:51.2,52.24 2 0
github.com/BearBump/TrackBox/internal/api/trackings_api/trackings_api.go:52.24,64.3 1 0
github.com/BearBump/TrackBox/internal/api/trackings_api/trackings_api.go:65.2,65.68 1 0
github.com/BearBump/TrackBox/internal/api/trackings_api/trackings_api.go:68.128,69.72 1 0
github.com/BearBump/TrackBox/internal/api/trackings_api/trackings_api.go:69.72,71.3 1 0
github.com/BearBump/TrackBox/internal/api/trackings_api/trackings_api.go:72.2,72.30 1 0
github.com/BearBump/TrackBox/internal/api/trackings_api/trackings_api.go:75.65,77.23 2 0
github.com/BearBump/TrackBox/internal/api/trackings_api/trackings_api.go:77.23,79.24 2 0
github.com/BearBump/TrackBox/internal/api/trackings_api/trackings_api.go:79.24,81.4 1 0
github.com/BearBump/TrackBox/internal/api/trackings_api/trackings_api.go:82.3,83.29 2 0
github.com/BearBump/TrackBox/internal/api/trackings_api/trackings_api.go:83.29,85.4 1 0
github.com/BearBump/TrackBox/internal/api/trackings_api/trackings_api.go:86.3,99.5 1 0
github.com/BearBump/TrackBox/internal/api/trackings_api/trackings_api.go:101.2,101.12 1 0
github.com/BearBump/TrackBox/internal/api/trackings_api/trackings_api.go:104.36,105.14 1 0
github.com/BearBump/TrackBox/internal/api/trackings_api/trackings_api.go:105.14,107.3 1 0
github.com/BearBump/TrackBox/internal/api/trackings_api/trackings_api.go:108.2,108.11 1 0
github.com/BearBump/TrackBox/internal/broker/kafka/consumer.go:20.69,30.2 1 0
github.com/BearBump/TrackBox/internal/broker/kafka/consumer.go:32.55,34.2 1 0
github.com/BearBump/TrackBox/internal/broker/kafka/consumer.go:36.34,38.2 1 0
github.com/BearBump/TrackBox/internal/broker/kafka/consumer.go:40.94,41.6 1 0
github.com/BearBump/TrackBox/internal/broker/kafka/consumer.go:41.6,43.17 2 0
github.com/BearBump/TrackBox/internal/broker/kafka/consumer.go:43.17,45.4 1 0
github.com/BearBump/TrackBox/internal/broker/kafka/consumer.go:46.3,46.53 1 0
github.com/BearBump/TrackBox/internal/broker/kafka/consumer.go:46.53,50.4 1 0
github.com/BearBump/TrackBox/internal/broker/kafka/producer.go:18.46,25.2 1 0
github.com/BearBump/TrackBox/internal/broker/kafka/producer.go:27.55,29.2 1 0
github.com/BearBump/TrackBox/internal/broker/kafka/producer.go:31.88,36.17 1 0
github.com/BearBump/TrackBox/internal/broker/kafka/producer.go:36.17,38.3 1 0
github.com/BearBump/TrackBox/internal/broker/kafka/producer.go:39.2,39.12 1 0
github.com/BearBump/TrackBox/internal/cache/rediscache/ratelimiter.go:15.47,19.2 1 0
github.com/BearBump/TrackBox/internal/cache/rediscache/ratelimiter.go:23.119,28.16 5 0
github.com/BearBump/TrackBox/internal/cache/rediscache/ratelimiter.go:28.16,30.3 1 0
github.com/BearBump/TrackBox/internal/cache/rediscache/ratelimiter.go:31.2,32.27 2 0
github.com/BearBump/TrackBox/internal/cache/rediscache/rediscache.go:15.35,21.2 1 0
github.com/BearBump/TrackBox/internal/cache/rediscache/rediscache.go:23.81,25.22 2 0
github.com/BearBump/TrackBox/internal/cache/rediscache/rediscache.go:25.22,27.3 1 0
github.com/BearBump/TrackBox/internal/cache/rediscache/rediscache.go:28.2,28.16 1 0
github.com/BearBump/TrackBox/internal/cache/rediscache/rediscache.go:28.16,30.3 1 0
github.com/BearBump/TrackBox/internal/cache/rediscache/rediscache.go:31.2,31.23 1 0
github.com/BearBump/TrackBox/internal/cache/rediscache/rediscache.go:34.98,35.60 1 0
github.com/BearBump/TrackBox/internal/cache/rediscache/rediscache.go:35.60,37.3 1 0
github.com/BearBump/TrackBox/internal/cache/rediscache/rediscache.go:38.2,38.12 1 0
github.com/BearBump/TrackBox/internal/services/trackings/service.go:30.82,32.2 1 1
github.com/BearBump/TrackBox/internal/services/trackings/service.go:34.120,35.21 1 1
github.com/BearBump/TrackBox/internal/services/trackings/service.go:35.21,37.3 1 1
github.com/BearBump/TrackBox/internal/services/trackings/service.go:38.2,38.25 1 1
github.com/BearBump/TrackBox/internal/services/trackings/service.go:38.25,40.3 1 0
github.com/BearBump/TrackBox/internal/services/trackings/service.go:42.2,44.27 3 1
github.com/BearBump/TrackBox/internal/services/trackings/service.go:44.27,45.27 1 1
github.com/BearBump/TrackBox/internal/services/trackings/service.go:45.27,47.4 1 1
github.com/BearBump/TrackBox/internal/services/trackings/service.go:48.3,48.27 1 1
github.com/BearBump/TrackBox/internal/services/trackings/service.go:48.27,50.4 1 1
github.com/BearBump/TrackBox/internal/services/trackings/service.go:51.3,52.27 2 1
github.com/BearBump/TrackBox/internal/services/trackings/service.go:52.27,53.12 1 1
github.com/BearBump/TrackBox/internal/services/trackings/service.go:55.3,56.28 2 1
github.com/BearBump/TrackBox/internal/services/trackings/service.go:59.2,59.48 1 1
github.com/BearBump/TrackBox/internal/services/trackings/service.go:62.100,63.19 1 1
github.com/BearBump/TrackBox/internal/services/trackings/service.go:63.19,65.3 1 0
github.com/BearBump/TrackBox/internal/services/trackings/service.go:68.2,71.40 3 1
github.com/BearBump/TrackBox/internal/services/trackings/service.go:71.40,72.26 1 1
github.com/BearBump/TrackBox/internal/services/trackings/service.go:72.26,75.25 3 1
github.com/BearBump/TrackBox/internal/services/trackings/service.go:75.25,77.13 2 1
github.com/BearBump/TrackBox/internal/services/trackings/service.go:79.4,80.36 2 1
github.com/BearBump/TrackBox/internal/services/trackings/service.go:80.36,82.13 2 0
github.com/BearBump/TrackBox/internal/services/trackings/service.go:84.4,84.16 1 1
github.com/BearBump/TrackBox/internal/services/trackings/service.go:86.8,88.3 1 0
github.com/BearBump/TrackBox/internal/services/trackings/service.go:90.2,92.19 3 1
github.com/BearBump/TrackBox/internal/services/trackings/service.go:92.19,94.17 2 1
github.com/BearBump/TrackBox/internal/services/trackings/service.go:94.17,96.4 1 0
github.com/BearBump/TrackBox/internal/services/trackings/service.go:97.3,97.41 1 1
github.com/BearBump/TrackBox/internal/services/trackings/service.go:97.41,98.29 1 1
github.com/BearBump/TrackBox/internal/services/trackings/service.go:98.29,101.5 2 1
github.com/BearBump/TrackBox/internal/services/trackings/service.go:103.3,103.28 1 1
github.com/BearBump/TrackBox/internal/services/trackings/service.go:103.28,105.4 1 1
github.com/BearBump/TrackBox/internal/services/trackings/service.go:109.2,110.25 2 1
github.com/BearBump/TrackBox/internal/services/trackings/service.go:110.25,111.27 1 1
github.com/BearBump/TrackBox/internal/services/trackings/service.go:111.27,113.4 1 1
github.com/BearBump/TrackBox/internal/services/trackings/service.go:115.2,115.17 1 1
github.com/BearBump/TrackBox/internal/services/trackings/service.go:118.130,120.2 1 1
github.com/BearBump/TrackBox/internal/services/trackings/service.go:122.81,123.21 1 1
github.com/BearBump/TrackBox/internal/services/trackings/service.go:123.21,125.3 1 1
github.com/BearBump/TrackBox/internal/services/trackings/service.go:126.2,126.48 1 1
github.com/BearBump/TrackBox/internal/services/trackings/service.go:129.93,130.25 1 1
github.com/BearBump/TrackBox/internal/services/trackings/service.go:130.25,132.3 1 0
github.com/BearBump/TrackBox/internal/services/trackings/service.go:133.2,133.28 1 1
github.com/BearBump/TrackBox/internal/services/trackings/service.go:133.28,135.3 1 0
github.com/BearBump/TrackBox/internal/services/trackings/service.go:136.2,136.30 1 1
github.com/BearBump/TrackBox/internal/services/trackings/service.go:136.30,139.3 1 0
github.com/BearBump/TrackBox/internal/services/trackings/service.go:141.2,142.31 2 1
github.com/BearBump/TrackBox/internal/services/trackings/service.go:142.31,144.25 2 1
github.com/BearBump/TrackBox/internal/services/trackings/service.go:144.25,147.4 2 0
github.com/BearBump/TrackBox/internal/services/trackings/service.go:148.3,155.5 1 1
github.com/BearBump/TrackBox/internal/services/trackings/service.go:158.2,168.16 2 1
github.com/BearBump/TrackBox/internal/services/trackings/service.go:168.16,170.3 1 0
github.com/BearBump/TrackBox/internal/services/trackings/service.go:173.2,173.40 1 1
github.com/BearBump/TrackBox/internal/services/trackings/service.go:173.40,176.33 2 0
github.com/BearBump/TrackBox/internal/services/trackings/service.go:176.33,179.4 2 0
github.com/BearBump/TrackBox/internal/services/trackings/service.go:182.2,182.12 1 1
github.com/BearBump/TrackBox/internal/services/trackings/service.go:185.35,187.2 1 1
github.com/BearBump/TrackBox/internal/storage/pgtracking/events_repo.go:29.130,30.31 1 0
github.com/BearBump/TrackBox/internal/storage/pgtracking/events_repo.go:30.31,32.3 1 0
github.com/BearBump/TrackBox/internal/storage/pgtracking/events_repo.go:33.2,33.16 1 0
github.com/BearBump/TrackBox/internal/storage/pgtracking/events_repo.go:33.16,35.3 1 0
github.com/BearBump/TrackBox/internal/storage/pgtracking/events_repo.go:37.2,46.16 2 0
github.com/BearBump/TrackBox/internal/storage/pgtracking/events_repo.go:46.16,48.3 1 0
github.com/BearBump/TrackBox/internal/storage/pgtracking/events_repo.go:49.2,52.18 3 0
github.com/BearBump/TrackBox/internal/storage/pgtracking/events_repo.go:52.18,60.17 5 0
github.com/BearBump/TrackBox/internal/storage/pgtracking/events_repo.go:60.17,62.4 1 0
github.com/BearBump/TrackBox/internal/storage/pgtracking/events_repo.go:64.3,67.21 3 0
github.com/BearBump/TrackBox/internal/storage/pgtracking/events_repo.go:67.21,71.4 3 0
github.com/BearBump/TrackBox/internal/storage/pgtracking/events_repo.go:73.3,73.24 1 0
github.com/BearBump/TrackBox/internal/storage/pgtracking/events_repo.go:75.2,75.23 1 0
github.com/BearBump/TrackBox/internal/storage/pgtracking/events_repo.go:75.23,77.3 1 0
github.com/BearBump/TrackBox/internal/storage/pgtracking/events_repo.go:78.2,78.17 1 0
github.com/BearBump/TrackBox/internal/storage/pgtracking/events_repo.go:81.86,83.16 2 0
github.com/BearBump/TrackBox/internal/storage/pgtracking/events_repo.go:83.16,85.3 1 0
github.com/BearBump/TrackBox/internal/storage/pgtracking/events_repo.go:86.2,86.15 1 0
github.com/BearBump/TrackBox/internal/storage/pgtracking/events_repo.go:86.15,86.39 1 0
github.com/BearBump/TrackBox/internal/storage/pgtracking/events_repo.go:88.2,88.42 1 0
github.com/BearBump/TrackBox/internal/storage/pgtracking/events_repo.go:88.42,99.17 2 0
github.com/BearBump/TrackBox/internal/storage/pgtracking/events_repo.go:99.17,101.4 1 0
github.com/BearBump/TrackBox/internal/storage/pgtracking/events_repo.go:102.8,116.17 2 0
github.com/BearBump/TrackBox/internal/storage/pgtracking/events_repo.go:116.17,118.4 1 0
github.com/BearBump/TrackBox/internal/storage/pgtracking/events_repo.go:120.3,120.32 1 0
github.com/BearBump/TrackBox/internal/storage/pgtracking/events_repo.go:120.32,122.52 2 0
github.com/BearBump/TrackBox/internal/storage/pgtracking/events_repo.go:122.52,124.58 2 0
github.com/BearBump/TrackBox/internal/storage/pgtracking/events_repo.go:124.58,126.6 1 0
github.com/BearBump/TrackBox/internal/storage/pgtracking/events_repo.go:129.4,135.18 2 0
github.com/BearBump/TrackBox/internal/storage/pgtracking/events_repo.go:135.18,137.5 1 0
github.com/BearBump/TrackBox/internal/storage/pgtracking/events_repo.go:141.2,141.39 1 0
github.com/BearBump/TrackBox/internal/storage/pgtracking/events_repo.go:141.39,143.3 1 0
github.com/BearBump/TrackBox/internal/storage/pgtracking/events_repo.go:144.2,144.12 1 0
github.com/BearBump/TrackBox/internal/storage/pgtracking/pgtracking.go:14.47,16.16 2 0
github.com/BearBump/TrackBox/internal/storage/pgtracking/pgtracking.go:16.16,18.3 1 0
github.com/BearBump/TrackBox/internal/storage/pgtracking/pgtracking.go:20.2,21.16 2 0
github.com/BearBump/TrackBox/internal/storage/pgtracking/pgtracking.go:21.16,23.3 1 0
github.com/BearBump/TrackBox/internal/storage/pgtracking/pgtracking.go:25.2,26.59 2 0
github.com/BearBump/TrackBox/internal/storage/pgtracking/pgtracking.go:26.59,28.3 1 0
github.com/BearBump/TrackBox/internal/storage/pgtracking/pgtracking.go:30.2,30.15 1 0
github.com/BearBump/TrackBox/internal/storage/pgtracking/pgtracking.go:33.27,34.17 1 0
github.com/BearBump/TrackBox/internal/storage/pgtracking/pgtracking.go:34.17,36.3 1 0
github.com/BearBump/TrackBox/internal/storage/pgtracking/schema.go:9.57,43.26 2 0
github.com/BearBump/TrackBox/internal/storage/pgtracking/schema.go:43.26,44.46 1 0
github.com/BearBump/TrackBox/internal/storage/pgtracking/schema.go:44.46,46.4 1 0
github.com/BearBump/TrackBox/internal/storage/pgtracking/schema.go:48.2,48.12 1 0
github.com/BearBump/TrackBox/internal/storage/pgtracking/trackings_repo.go:17.125,21.16 3 0
github.com/BearBump/TrackBox/internal/storage/pgtracking/trackings_repo.go:21.16,23.3 1 0
github.com/BearBump/TrackBox/internal/storage/pgtracking/trackings_repo.go:24.2,24.15 1 0
github.com/BearBump/TrackBox/internal/storage/pgtracking/trackings_repo.go:24.15,24.39 1 0
github.com/BearBump/TrackBox/internal/storage/pgtracking/trackings_repo.go:26.2,27.27 2 0
github.com/BearBump/TrackBox/internal/storage/pgtracking/trackings_repo.go:27.27,38.17 3 0
github.com/BearBump/TrackBox/internal/storage/pgtracking/trackings_repo.go:38.17,40.4 1 0
github.com/BearBump/TrackBox/internal/storage/pgtracking/trackings_repo.go:41.3,41.24 1 0
github.com/BearBump/TrackBox/internal/storage/pgtracking/trackings_repo.go:44.2,44.39 1 0
github.com/BearBump/TrackBox/internal/storage/pgtracking/trackings_repo.go:44.39,46.3 1 0
github.com/BearBump/TrackBox/internal/storage/pgtracking/trackings_repo.go:48.2,48.38 1 0
github.com/BearBump/TrackBox/internal/storage/pgtracking/trackings_repo.go:51.100,52.19 1 0
github.com/BearBump/TrackBox/internal/storage/pgtracking/trackings_repo.go:52.19,54.3 1 0
github.com/BearBump/TrackBox/internal/storage/pgtracking/trackings_repo.go:56.2,66.16 2 0
github.com/BearBump/TrackBox/internal/storage/pgtracking/trackings_repo.go:66.16,68.3 1 0
github.com/BearBump/TrackBox/internal/storage/pgtracking/trackings_repo.go:69.2,72.18 3 0
github.com/BearBump/TrackBox/internal/storage/pgtracking/trackings_repo.go:72.18,83.17 5 0
github.com/BearBump/TrackBox/internal/storage/pgtracking/trackings_repo.go:83.17,85.4 1 0
github.com/BearBump/TrackBox/internal/storage/pgtracking/trackings_repo.go:86.3,89.24 4 0
github.com/BearBump/TrackBox/internal/storage/pgtracking/trackings_repo.go:92.2,92.23 1 0
github.com/BearBump/TrackBox/internal/storage/pgtracking/trackings_repo.go:92.23,94.3 1 0
github.com/BearBump/TrackBox/internal/storage/pgtracking/trackings_repo.go:95.2,95.17 1 0
github.com/BearBump/TrackBox/internal/storage/pgtracking/trackings_repo.go:98.81,101.2 2 0
github.com/BearBump/TrackBox/internal/storage/pgtracking/trackings_repo.go:106.133,108.16 2 0
github.com/BearBump/TrackBox/internal/storage/pgtracking/trackings_repo.go:108.16,110.3 1 0
github.com/BearBump/TrackBox/internal/storage/pgtracking/trackings_repo.go:111.2,111.15 1 0
github.com/BearBump/TrackBox/internal/storage/pgtracking/trackings_repo.go:111.15,111.39 1 0
github.com/BearBump/TrackBox/internal/storage/pgtracking/trackings_repo.go:113.2,127.16 2 0
github.com/BearBump/TrackBox/internal/storage/pgtracking/trackings_repo.go:127.16,129.3 1 0
github.com/BearBump/TrackBox/internal/storage/pgtracking/trackings_repo.go:130.2,133.18 3 0
github.com/BearBump/TrackBox/internal/storage/pgtracking/trackings_repo.go:133.18,144.17 5 0
github.com/BearBump/TrackBox/internal/storage/pgtracking/trackings_repo.go:144.17,146.4 1 0
github.com/BearBump/TrackBox/internal/storage/pgtracking/trackings_repo.go:147.3,150.30 4 0
github.com/BearBump/TrackBox/internal/storage/pgtracking/trackings_repo.go:152.2,152.23 1 0
github.com/BearBump/TrackBox/internal/storage/pgtracking/trackings_repo.go:152.23,154.3 1 0
github.com/BearBump/TrackBox/internal/storage/pgtracking/trackings_repo.go:156.2,157.27 2 0
github.com/BearBump/TrackBox/internal/storage/pgtracking/trackings_repo.go:157.27,159.17 2 0
github.com/BearBump/TrackBox/internal/storage/pgtracking/trackings_repo.go:159.17,161.4 1 0
github.com/BearBump/TrackBox/internal/storage/pgtracking/trackings_repo.go:162.3,162.29 1 0
github.com/BearBump/TrackBox/internal/storage/pgtracking/trackings_repo.go:165.2,165.39 1 0
github.com/BearBump/TrackBox/internal/storage/pgtracking/trackings_repo.go:165.39,167.3 1 0
github.com/BearBump/TrackBox/internal/storage/pgtracking/trackings_repo.go:168.2,168.20 1 0
github.com/BearBump/TrackBox/internal/api/trackings_api/trackings_api.go:19.48,21.2 1 0
github.com/BearBump/TrackBox/internal/api/trackings_api/trackings_api.go:23.152,25.36 2 0
github.com/BearBump/TrackBox/internal/api/trackings_api/trackings_api.go:25.36,30.3 1 0
github.com/BearBump/TrackBox/internal/api/trackings_api/trackings_api.go:31.2,32.16 2 0
github.com/BearBump/TrackBox/internal/api/trackings_api/trackings_api.go:32.16,34.3 1 0
github.com/BearBump/TrackBox/internal/api/trackings_api/trackings_api.go:35.2,35.82 1 0
github.com/BearBump/TrackBox/internal/api/trackings_api/trackings_api.go:38.158,40.16 2 0
github.com/BearBump/TrackBox/internal/api/trackings_api/trackings_api.go:40.16,42.3 1 0
github.com/BearBump/TrackBox/internal/api/trackings_api/trackings_api.go:43.2,43.84 1 0
github.com/BearBump/TrackBox/internal/api/trackings_api/trackings_api.go:46.161,48.16 2 0
github.com/BearBump/TrackBox/internal/api/trackings_api/trackings_api.go:48.16,50.3 1 0
github.com/BearBump/TrackBox/internal/api/trackings_api/trackings_api.go:51.2,52.24 2 0
github.com/BearBump/TrackBox/internal/api/trackings_api/trackings_api.go:52.24,64.3 1 0
github.com/BearBump/TrackBox/internal/api/trackings_api/trackings_api.go:65.2,65.68 1 0
github.com/BearBump/TrackBox/internal/api/trackings_api/trackings_api.go:68.128,69.72 1 0
github.com/BearBump/TrackBox/internal/api/trackings_api/trackings_api.go:69.72,71.3 1 0
github.com/BearBump/TrackBox/internal/api/trackings_api/trackings_api.go:72.2,72.30 1 0
github.com/BearBump/TrackBox/internal/api/trackings_api/trackings_api.go:75.65,77.23 2 0
github.com/BearBump/TrackBox/internal/api/trackings_api/trackings_api.go:77.23,79.24 2 0
github.com/BearBump/TrackBox/internal/api/trackings_api/trackings_api.go:79.24,81.4 1 0
github.com/BearBump/TrackBox/internal/api/trackings_api/trackings_api.go:82.3,83.29 2 0
github.com/BearBump/TrackBox/internal/api/trackings_api/trackings_api.go:83.29,85.4 1 0
github.com/BearBump/TrackBox/internal/api/trackings_api/trackings_api.go:86.3,99.5 1 0
github.com/BearBump/TrackBox/internal/api/trackings_api/trackings_api.go:101.2,101.12 1 0
github.com/BearBump/TrackBox/internal/api/trackings_api/trackings_api.go:104.36,105.14 1 0
github.com/BearBump/TrackBox/internal/api/trackings_api/trackings_api.go:105.14,107.3 1 0
github.com/BearBump/TrackBox/internal/api/trackings_api/trackings_api.go:108.2,108.11 1 0
github.com/BearBump/TrackBox/internal/broker/kafka/consumer.go:20.69,30.2 1 1
github.com/BearBump/TrackBox/internal/broker/kafka/consumer.go:32.55,34.2 1 1
github.com/BearBump/TrackBox/internal/broker/kafka/consumer.go:36.34,38.2 1 1
github.com/BearBump/TrackBox/internal/broker/kafka/consumer.go:40.94,41.6 1 1
github.com/BearBump/TrackBox/internal/broker/kafka/consumer.go:41.6,43.17 2 1
github.com/BearBump/TrackBox/internal/broker/kafka/consumer.go:43.17,45.4 1 1
github.com/BearBump/TrackBox/internal/broker/kafka/consumer.go:46.3,46.53 1 1
github.com/BearBump/TrackBox/internal/broker/kafka/consumer.go:46.53,50.4 1 1
github.com/BearBump/TrackBox/internal/broker/kafka/producer.go:18.46,25.2 1 1
github.com/BearBump/TrackBox/internal/broker/kafka/producer.go:27.55,29.2 1 1
github.com/BearBump/TrackBox/internal/broker/kafka/producer.go:31.88,36.17 1 1
github.com/BearBump/TrackBox/internal/broker/kafka/producer.go:36.17,38.3 1 0
github.com/BearBump/TrackBox/internal/broker/kafka/producer.go:39.2,39.12 1 1
github.com/BearBump/TrackBox/internal/cache/rediscache/ratelimiter.go:15.47,19.2 1 0
github.com/BearBump/TrackBox/internal/cache/rediscache/ratelimiter.go:23.119,28.16 5 0
github.com/BearBump/TrackBox/internal/cache/rediscache/ratelimiter.go:28.16,30.3 1 0
github.com/BearBump/TrackBox/internal/cache/rediscache/ratelimiter.go:31.2,32.27 2 0
github.com/BearBump/TrackBox/internal/cache/rediscache/rediscache.go:15.35,21.2 1 0
github.com/BearBump/TrackBox/internal/cache/rediscache/rediscache.go:23.81,25.22 2 0
github.com/BearBump/TrackBox/internal/cache/rediscache/rediscache.go:25.22,27.3 1 0
github.com/BearBump/TrackBox/internal/cache/rediscache/rediscache.go:28.2,28.16 1 0
github.com/BearBump/TrackBox/internal/cache/rediscache/rediscache.go:28.16,30.3 1 0
github.com/BearBump/TrackBox/internal/cache/rediscache/rediscache.go:31.2,31.23 1 0
github.com/BearBump/TrackBox/internal/cache/rediscache/rediscache.go:34.98,35.60 1 0
github.com/BearBump/TrackBox/internal/cache/rediscache/rediscache.go:35.60,37.3 1 0
github.com/BearBump/TrackBox/internal/cache/rediscache/rediscache.go:38.2,38.12 1 0
github.com/BearBump/TrackBox/internal/services/trackings/service.go:30.82,32.2 1 0
github.com/BearBump/TrackBox/internal/services/trackings/service.go:34.120,35.21 1 0
github.com/BearBump/TrackBox/internal/services/trackings/service.go:35.21,37.3 1 0
github.com/BearBump/TrackBox/internal/services/trackings/service.go:38.2,38.25 1 0
github.com/BearBump/TrackBox/internal/services/trackings/service.go:38.25,40.3 1 0
github.com/BearBump/TrackBox/internal/services/trackings/service.go:42.2,44.27 3 0
github.com/BearBump/TrackBox/internal/services/trackings/service.go:44.27,45.27 1 0
github.com/BearBump/TrackBox/internal/services/trackings/service.go:45.27,47.4 1 0
github.com/BearBump/TrackBox/internal/services/trackings/service.go:48.3,48.27 1 0
github.com/BearBump/TrackBox/internal/services/trackings/service.go:48.27,50.4 1 0
github.com/BearBump/TrackBox/internal/services/trackings/service.go:51.3,52.27 2 0
github.com/BearBump/TrackBox/internal/services/trackings/service.go:52.27,53.12 1 0
github.com/BearBump/TrackBox/internal/services/trackings/service.go:55.3,56.28 2 0
github.com/BearBump/TrackBox/internal/services/trackings/service.go:59.2,59.48 1 0
github.com/BearBump/TrackBox/internal/services/trackings/service.go:62.100,63.19 1 0
github.com/BearBump/TrackBox/internal/services/trackings/service.go:63.19,65.3 1 0
github.com/BearBump/TrackBox/internal/services/trackings/service.go:68.2,71.40 3 0
github.com/BearBump/TrackBox/internal/services/trackings/service.go:71.40,72.26 1 0
github.com/BearBump/TrackBox/internal/services/trackings/service.go:72.26,75.25 3 0
github.com/BearBump/TrackBox/internal/services/trackings/service.go:75.25,77.13 2 0
github.com/BearBump/TrackBox/internal/services/trackings/service.go:79.4,80.36 2 0
github.com/BearBump/TrackBox/internal/services/trackings/service.go:80.36,82.13 2 0
github.com/BearBump/TrackBox/internal/services/trackings/service.go:84.4,84.16 1 0
github.com/BearBump/TrackBox/internal/services/trackings/service.go:86.8,88.3 1 0
github.com/BearBump/TrackBox/internal/services/trackings/service.go:90.2,92.19 3 0
github.com/BearBump/TrackBox/internal/services/trackings/service.go:92.19,94.17 2 0
github.com/BearBump/TrackBox/internal/services/trackings/service.go:94.17,96.4 1 0
github.com/BearBump/TrackBox/internal/services/trackings/service.go:97.3,97.41 1 0
github.com/BearBump/TrackBox/internal/services/trackings/service.go:97.41,98.29 1 0
github.com/BearBump/TrackBox/internal/services/trackings/service.go:98.29,101.5 2 0
github.com/BearBump/TrackBox/internal/services/trackings/service.go:103.3,103.28 1 0
github.com/BearBump/TrackBox/internal/services/trackings/service.go:103.28,105.4 1 0
github.com/BearBump/TrackBox/internal/services/trackings/service.go:109.2,110.25 2 0
github.com/BearBump/TrackBox/internal/services/trackings/service.go:110.25,111.27 1 0
github.com/BearBump/TrackBox/internal/services/trackings/service.go:111.27,113.4 1 0
github.com/BearBump/TrackBox/internal/services/trackings/service.go:115.2,115.17 1 0
github.com/BearBump/TrackBox/internal/services/trackings/service.go:118.130,120.2 1 0
github.com/BearBump/TrackBox/internal/services/trackings/service.go:122.81,123.21 1 0
github.com/BearBump/TrackBox/internal/services/trackings/service.go:123.21,125.3 1 0
github.com/BearBump/TrackBox/internal/services/trackings/service.go:126.2,126.48 1 0
github.com/BearBump/TrackBox/internal/services/trackings/service.go:129.93,130.25 1 0
github.com/BearBump/TrackBox/internal/services/trackings/service.go:130.25,132.3 1 0
github.com/BearBump/TrackBox/internal/services/trackings/service.go:133.2,133.28 1 0
github.com/BearBump/TrackBox/internal/services/trackings/service.go:133.28,135.3 1 0
github.com/BearBump/TrackBox/internal/services/trackings/service.go:136.2,136.30 1 0
github.com/BearBump/TrackBox/internal/services/trackings/service.go:136.30,139.3 1 0
github.com/BearBump/TrackBox/internal/services/trackings/service.go:141.2,142.31 2 0
github.com/BearBump/TrackBox/internal/services/trackings/service.go:142.31,144.25 2 0
github.com/BearBump/TrackBox/internal/services/trackings/service.go:144.25,147.4 2 0
github.com/BearBump/TrackBox/internal/services/trackings/service.go:148.3,155.5 1 0
github.com/BearBump/TrackBox/internal/services/trackings/service.go:158.2,168.16 2 0
github.com/BearBump/TrackBox/internal/services/trackings/service.go:168.16,170.3 1 0
github.com/BearBump/TrackBox/internal/services/trackings/service.go:173.2,173.40 1 0
github.com/BearBump/TrackBox/internal/services/trackings/service.go:173.40,176.33 2 0
github.com/BearBump/TrackBox/internal/services/trackings/service.go:176.33,179.4 2 0
github.com/BearBump/TrackBox/internal/services/trackings/service.go:182.2,182.12 1 0
github.com/BearBump/TrackBox/internal/services/trackings/service.go:185.35,187.2 1 0
github.com/BearBump/TrackBox/internal/storage/pgtracking/events_repo.go:29.130,30.31 1 0
github.com/BearBump/TrackBox/internal/storage/pgtracking/events_repo.go:30.31,32.3 1 0
github.com/BearBump/TrackBox/internal/storage/pgtracking/events_repo.go:33.2,33.16 1 0
github.com/BearBump/TrackBox/internal/storage/pgtracking/events_repo.go:33.16,35.3 1 0
github.com/BearBump/TrackBox/internal/storage/pgtracking/events_repo.go:37.2,46.16 2 0
github.com/BearBump/TrackBox/internal/storage/pgtracking/events_repo.go:46.16,48.3 1 0
github.com/BearBump/TrackBox/internal/storage/pgtracking/events_repo.go:49.2,52.18 3 0
github.com/BearBump/TrackBox/internal/storage/pgtracking/events_repo.go:52.18,60.17 5 0
github.com/BearBump/TrackBox/internal/storage/pgtracking/events_repo.go:60.17,62.4 1 0
github.com/BearBump/TrackBox/internal/storage/pgtracking/events_repo.go:64.3,67.21 3 0
github.com/BearBump/TrackBox/internal/storage/pgtracking/events_repo.go:67.21,71.4 3 0
github.com/BearBump/TrackBox/internal/storage/pgtracking/events_repo.go:73.3,73.24 1 0
github.com/BearBump/TrackBox/internal/storage/pgtracking/events_repo.go:75.2,75.23 1 0
github.com/BearBump/TrackBox/internal/storage/pgtracking/events_repo.go:75.23,77.3 1 0
github.com/BearBump/TrackBox/internal/storage/pgtracking/events_repo.go:78.2,78.17 1 0
github.com/BearBump/TrackBox/internal/storage/pgtracking/events_repo.go:81.86,83.16 2 0
github.com/BearBump/TrackBox/internal/storage/pgtracking/events_repo.go:83.16,85.3 1 0
github.com/BearBump/TrackBox/internal/storage/pgtracking/events_repo.go:86.2,86.15 1 0
github.com/BearBump/TrackBox/internal/storage/pgtracking/events_repo.go:86.15,86.39 1 0
github.com/BearBump/TrackBox/internal/storage/pgtracking/events_repo.go:88.2,88.42 1 0
github.com/BearBump/TrackBox/internal/storage/pgtracking/events_repo.go:88.42,99.17 2 0
github.com/BearBump/TrackBox/internal/storage/pgtracking/events_repo.go:99.17,101.4 1 0
github.com/BearBump/TrackBox/internal/storage/pgtracking/events_repo.go:102.8,116.17 2 0
github.com/BearBump/TrackBox/internal/storage/pgtracking/events_repo.go:116.17,118.4 1 0
github.com/BearBump/TrackBox/internal/storage/pgtracking/events_repo.go:120.3,120.32 1 0
github.com/BearBump/TrackBox/internal/storage/pgtracking/events_repo.go:120.32,122.52 2 0
github.com/BearBump/TrackBox/internal/storage/pgtracking/events_repo.go:122.52,124.58 2 0
github.com/BearBump/TrackBox/internal/storage/pgtracking/events_repo.go:124.58,126.6 1 0
github.com/BearBump/TrackBox/internal/storage/pgtracking/events_repo.go:129.4,135.18 2 0
github.com/BearBump/TrackBox/internal/storage/pgtracking/events_repo.go:135.18,137.5 1 0
github.com/BearBump/TrackBox/internal/storage/pgtracking/events_repo.go:141.2,141.39 1 0
github.com/BearBump/TrackBox/internal/storage/pgtracking/events_repo.go:141.39,143.3 1 0
github.com/BearBump/TrackBox/internal/storage/pgtracking/events_repo.go:144.2,144.12 1 0
github.com/BearBump/TrackBox/internal/storage/pgtracking/pgtracking.go:14.47,16.16 2 0
github.com/BearBump/TrackBox/internal/storage/pgtracking/pgtracking.go:16.16,18.3 1 0
github.com/BearBump/TrackBox/internal/storage/pgtracking/pgtracking.go:20.2,21.16 2 0
github.com/BearBump/TrackBox/internal/storage/pgtracking/pgtracking.go:21.16,23.3 1 0
github.com/BearBump/TrackBox/internal/storage/pgtracking/pgtracking.go:25.2,26.59 2 0
github.com/BearBump/TrackBox/internal/storage/pgtracking/pgtracking.go:26.59,28.3 1 0
github.com/BearBump/TrackBox/internal/storage/pgtracking/pgtracking.go:30.2,30.15 1 0
github.com/BearBump/TrackBox/internal/storage/pgtracking/pgtracking.go:33.27,34.17 1 0
github.com/BearBump/TrackBox/internal/storage/pgtracking/pgtracking.go:34.17,36.3 1 0
github.com/BearBump/TrackBox/internal/storage/pgtracking/schema.go:9.57,43.26 2 0
github.com/BearBump/TrackBox/internal/storage/pgtracking/schema.go:43.26,44.46 1 0
github.com/BearBump/TrackBox/internal/storage/pgtracking/schema.go:44.46,46.4 1 0
github.com/BearBump/TrackBox/internal/storage/pgtracking/schema.go:48.2,48.12 1 0
github.com/BearBump/TrackBox/internal/storage/pgtracking/trackings_repo.go:17.125,21.16 3 0
github.com/BearBump/TrackBox/internal/storage/pgtracking/trackings_repo.go:21.16,23.3 1 0
github.com/BearBump/TrackBox/internal/storage/pgtracking/trackings_repo.go:24.2,24.15 1 0
github.com/BearBump/TrackBox/internal/storage/pgtracking/trackings_repo.go:24.15,24.39 1 0
github.com/BearBump/TrackBox/internal/storage/pgtracking/trackings_repo.go:26.2,27.27 2 0
github.com/BearBump/TrackBox/internal/storage/pgtracking/trackings_repo.go:27.27,38.17 3 0
github.com/BearBump/TrackBox/internal/storage/pgtracking/trackings_repo.go:38.17,40.4 1 0
github.com/BearBump/TrackBox/internal/storage/pgtracking/trackings_repo.go:41.3,41.24 1 0
github.com/BearBump/TrackBox/internal/storage/pgtracking/trackings_repo.go:44.2,44.39 1 0
github.com/BearBump/TrackBox/internal/storage/pgtracking/trackings_repo.go:44.39,46.3 1 0
github.com/BearBump/TrackBox/internal/storage/pgtracking/trackings_repo.go:48.2,48.38 1 0
github.com/BearBump/TrackBox/internal/storage/pgtracking/trackings_repo.go:51.100,52.19 1 0
github.com/BearBump/TrackBox/internal/storage/pgtracking/trackings_repo.go:52.19,54.3 1 0
github.com/BearBump/TrackBox/internal/storage/pgtracking/trackings_repo.go:56.2,66.16 2 0
github.com/BearBump/TrackBox/internal/storage/pgtracking/trackings_repo.go:66.16,68.3 1 0
github.com/BearBump/TrackBox/internal/storage/pgtracking/trackings_repo.go:69.2,72.18 3 0
github.com/BearBump/TrackBox/internal/storage/pgtracking/trackings_repo.go:72.18,83.17 5 0
github.com/BearBump/TrackBox/internal/storage/pgtracking/trackings_repo.go:83.17,85.4 1 0
github.com/BearBump/TrackBox/internal/storage/pgtracking/trackings_repo.go:86.3,89.24 4 0
github.com/BearBump/TrackBox/internal/storage/pgtracking/trackings_repo.go:92.2,92.23 1 0
github.com/BearBump/TrackBox/internal/storage/pgtracking/trackings_repo.go:92.23,94.3 1 0
github.com/BearBump/TrackBox/internal/storage/pgtracking/trackings_repo.go:95.2,95.17 1 0
github.com/BearBump/TrackBox/internal/storage/pgtracking/trackings_repo.go:98.81,101.2 2 0
github.com/BearBump/TrackBox/internal/storage/pgtracking/trackings_repo.go:106.133,108.16 2 0
github.com/BearBump/TrackBox/internal/storage/pgtracking/trackings_repo.go:108.16,110.3 1 0
github.com/BearBump/TrackBox/internal/storage/pgtracking/trackings_repo.go:111.2,111.15 1 0
github.com/BearBump/TrackBox/internal/storage/pgtracking/trackings_repo.go:111.15,111.39 1 0
github.com/BearBump/TrackBox/internal/storage/pgtracking/trackings_repo.go:113.2,127.16 2 0
github.com/BearBump/TrackBox/internal/storage/pgtracking/trackings_repo.go:127.16,129.3 1 0
github.com/BearBump/TrackBox/internal/storage/pgtracking/trackings_repo.go:130.2,133.18 3 0
github.com/BearBump/TrackBox/internal/storage/pgtracking/trackings_repo.go:133.18,144.17 5 0
github.com/BearBump/TrackBox/internal/storage/pgtracking/trackings_repo.go:144.17,146.4 1 0
github.com/BearBump/TrackBox/internal/storage/pgtracking/trackings_repo.go:147.3,150.30 4 0
github.com/BearBump/TrackBox/internal/storage/pgtracking/trackings_repo.go:152.2,152.23 1 0
github.com/BearBump/TrackBox/internal/storage/pgtracking/trackings_repo.go:152.23,154.3 1 0
github.com/BearBump/TrackBox/internal/storage/pgtracking/trackings_repo.go:156.2,157.27 2 0
github.com/BearBump/TrackBox/internal/storage/pgtracking/trackings_repo.go:157.27,159.17 2 0
github.com/BearBump/TrackBox/internal/storage/pgtracking/trackings_repo.go:159.17,161.4 1 0
github.com/BearBump/TrackBox/internal/storage/pgtracking/trackings_repo.go:162.3,162.29 1 0
github.com/BearBump/TrackBox/internal/storage/pgtracking/trackings_repo.go:165.2,165.39 1 0
github.com/BearBump/TrackBox/internal/storage/pgtracking/trackings_repo.go:165.39,167.3 1 0
github.com/BearBump/TrackBox/internal/storage/pgtracking/trackings_repo.go:168.2,168.20 1 0
github.com/BearBump/TrackBox/internal/api/trackings_api/trackings_api.go:19.48,21.2 1 0
github.com/BearBump/TrackBox/internal/api/trackings_api/trackings_api.go:23.152,25.36 2 0
github.com/BearBump/TrackBox/internal/api/trackings_api/trackings_api.go:25.36,30.3 1 0
github.com/BearBump/TrackBox/internal/api/trackings_api/trackings_api.go:31.2,32.16 2 0
github.com/BearBump/TrackBox/internal/api/trackings_api/trackings_api.go:32.16,34.3 1 0
github.com/BearBump/TrackBox/internal/api/trackings_api/trackings_api.go:35.2,35.82 1 0
github.com/BearBump/TrackBox/internal/api/trackings_api/trackings_api.go:38.158,40.16 2 0
github.com/BearBump/TrackBox/internal/api/trackings_api/trackings_api.go:40.16,42.3 1 0
github.com/BearBump/TrackBox/internal/api/trackings_api/trackings_api.go:43.2,43.84 1 0
github.com/BearBump/TrackBox/internal/api/trackings_api/trackings_api.go:46.161,48.16 2 0
github.com/BearBump/TrackBox/internal/api/trackings_api/trackings_api.go:48.16,50.3 1 0
github.com/BearBump/TrackBox/internal/api/trackings_api/trackings_api.go:51.2,52.24 2 0
github.com/BearBump/TrackBox/internal/api/trackings_api/trackings_api.go:52.24,64.3 1 0
github.com/BearBump/TrackBox/internal/api/trackings_api/trackings_api.go:65.2,65.68 1 0
github.com/BearBump/TrackBox/internal/api/trackings_api/trackings_api.go:68.128,69.72 1 0
github.com/BearBump/TrackBox/internal/api/trackings_api/trackings_api.go:69.72,71.3 1 0
github.com/BearBump/TrackBox/internal/api/trackings_api/trackings_api.go:72.2,72.30 1 0
github.com/BearBump/TrackBox/internal/api/trackings_api/trackings_api.go:75.65,77.23 2 0
github.com/BearBump/TrackBox/internal/api/trackings_api/trackings_api.go:77.23,79.24 2 0
github.com/BearBump/TrackBox/internal/api/trackings_api/trackings_api.go:79.24,81.4 1 0
github.com/BearBump/TrackBox/internal/api/trackings_api/trackings_api.go:82.3,83.29 2 0
github.com/BearBump/TrackBox/internal/api/trackings_api/trackings_api.go:83.29,85.4 1 0
github.com/BearBump/TrackBox/internal/api/trackings_api/trackings_api.go:86.3,99.5 1 0
github.com/BearBump/TrackBox/internal/api/trackings_api/trackings_api.go:101.2,101.12 1 0
github.com/BearBump/TrackBox/internal/api/trackings_api/trackings_api.go:104.36,105.14 1 0
github.com/BearBump/TrackBox/internal/api/trackings_api/trackings_api.go:105.14,107.3 1 0
github.com/BearBump/TrackBox/internal/api/trackings_api/trackings_api.go:108.2,108.11 1 0
github.com/BearBump/TrackBox/internal/broker/kafka/consumer.go:20.69,30.2 1 0
github.com/BearBump/TrackBox/internal/broker/kafka/consumer.go:32.55,34.2 1 0
github.com/BearBump/TrackBox/internal/broker/kafka/consumer.go:36.34,38.2 1 0
github.com/BearBump/TrackBox/internal/broker/kafka/consumer.go:40.94,41.6 1 0
github.com/BearBump/TrackBox/internal/broker/kafka/consumer.go:41.6,43.17 2 0
github.com/BearBump/TrackBox/internal/broker/kafka/consumer.go:43.17,45.4 1 0
github.com/BearBump/TrackBox/internal/broker/kafka/consumer.go:46.3,46.53 1 0
github.com/BearBump/TrackBox/internal/broker/kafka/consumer.go:46.53,50.4 1 0
github.com/BearBump/TrackBox/internal/broker/kafka/producer.go:18.46,25.2 1 0
github.com/BearBump/TrackBox/internal/broker/kafka/producer.go:27.55,29.2 1 0
github.com/BearBump/TrackBox/internal/broker/kafka/producer.go:31.88,36.17 1 0
github.com/BearBump/TrackBox/internal/broker/kafka/producer.go:36.17,38.3 1 0
github.com/BearBump/TrackBox/internal/broker/kafka/producer.go:39.2,39.12 1 0
github.com/BearBump/TrackBox/internal/cache/rediscache/ratelimiter.go:15.47,19.2 1 1
github.com/BearBump/TrackBox/internal/cache/rediscache/ratelimiter.go:23.119,28.16 5 1
github.com/BearBump/TrackBox/internal/cache/rediscache/ratelimiter.go:28.16,30.3 1 0
github.com/BearBump/TrackBox/internal/cache/rediscache/ratelimiter.go:31.2,32.27 2 1
github.com/BearBump/TrackBox/internal/cache/rediscache/rediscache.go:15.35,21.2 1 1
github.com/BearBump/TrackBox/internal/cache/rediscache/rediscache.go:23.81,25.22 2 1
github.com/BearBump/TrackBox/internal/cache/rediscache/rediscache.go:25.22,27.3 1 0
github.com/BearBump/TrackBox/internal/cache/rediscache/rediscache.go:28.2,28.16 1 1
github.com/BearBump/TrackBox/internal/cache/rediscache/rediscache.go:28.16,30.3 1 0
github.com/BearBump/TrackBox/internal/cache/rediscache/rediscache.go:31.2,31.23 1 1
github.com/BearBump/TrackBox/internal/cache/rediscache/rediscache.go:34.98,35.60 1 1
github.com/BearBump/TrackBox/internal/cache/rediscache/rediscache.go:35.60,37.3 1 0
github.com/BearBump/TrackBox/internal/cache/rediscache/rediscache.go:38.2,38.12 1 1
github.com/BearBump/TrackBox/internal/services/trackings/service.go:30.82,32.2 1 0
github.com/BearBump/TrackBox/internal/services/trackings/service.go:34.120,35.21 1 0
github.com/BearBump/TrackBox/internal/services/trackings/service.go:35.21,37.3 1 0
github.com/BearBump/TrackBox/internal/services/trackings/service.go:38.2,38.25 1 0
github.com/BearBump/TrackBox/internal/services/trackings/service.go:38.25,40.3 1 0
github.com/BearBump/TrackBox/internal/services/trackings/service.go:42.2,44.27 3 0
github.com/BearBump/TrackBox/internal/services/trackings/service.go:44.27,45.27 1 0
github.com/BearBump/TrackBox/internal/services/trackings/service.go:45.27,47.4 1 0
github.com/BearBump/TrackBox/internal/services/trackings/service.go:48.3,48.27 1 0
github.com/BearBump/TrackBox/internal/services/trackings/service.go:48.27,50.4 1 0
github.com/BearBump/TrackBox/internal/services/trackings/service.go:51.3,52.27 2 0
github.com/BearBump/TrackBox/internal/services/trackings/service.go:52.27,53.12 1 0
github.com/BearBump/TrackBox/internal/services/trackings/service.go:55.3,56.28 2 0
github.com/BearBump/TrackBox/internal/services/trackings/service.go:59.2,59.48 1 0
github.com/BearBump/TrackBox/internal/services/trackings/service.go:62.100,63.19 1 0
github.com/BearBump/TrackBox/internal/services/trackings/service.go:63.19,65.3 1 0
github.com/BearBump/TrackBox/internal/services/trackings/service.go:68.2,71.40 3 0
github.com/BearBump/TrackBox/internal/services/trackings/service.go:71.40,72.26 1 0
github.com/BearBump/TrackBox/internal/services/trackings/service.go:72.26,75.25 3 0
github.com/BearBump/TrackBox/internal/services/trackings/service.go:75.25,77.13 2 0
github.com/BearBump/TrackBox/internal/services/trackings/service.go:79.4,80.36 2 0
github.com/BearBump/TrackBox/internal/services/trackings/service.go:80.36,82.13 2 0
github.com/BearBump/TrackBox/internal/services/trackings/service.go:84.4,84.16 1 0
github.com/BearBump/TrackBox/internal/services/trackings/service.go:86.8,88.3 1 0
github.com/BearBump/TrackBox/internal/services/trackings/service.go:90.2,92.19 3 0
github.com/BearBump/TrackBox/internal/services/trackings/service.go:92.19,94.17 2 0
github.com/BearBump/TrackBox/internal/services/trackings/service.go:94.17,96.4 1 0
github.com/BearBump/TrackBox/internal/services/trackings/service.go:97.3,97.41 1 0
github.com/BearBump/TrackBox/internal/services/trackings/service.go:97.41,98.29 1 0
github.com/BearBump/TrackBox/internal/services/trackings/service.go:98.29,101.5 2 0
github.com/BearBump/TrackBox/internal/services/trackings/service.go:103.3,103.28 1 0
github.com/BearBump/TrackBox/internal/services/trackings/service.go:103.28,105.4 1 0
github.com/BearBump/TrackBox/internal/services/trackings/service.go:109.2,110.25 2 0
github.com/BearBump/TrackBox/internal/services/trackings/service.go:110.25,111.27 1 0
github.com/BearBump/TrackBox/internal/services/trackings/service.go:111.27,113.4 1 0
github.com/BearBump/TrackBox/internal/services/trackings/service.go:115.2,115.17 1 0
github.com/BearBump/TrackBox/internal/services/trackings/service.go:118.130,120.2 1 0
github.com/BearBump/TrackBox/internal/services/trackings/service.go:122.81,123.21 1 0
github.com/BearBump/TrackBox/internal/services/trackings/service.go:123.21,125.3 1 0
github.com/BearBump/TrackBox/internal/services/trackings/service.go:126.2,126.48 1 0
github.com/BearBump/TrackBox/internal/services/trackings/service.go:129.93,130.25 1 0
github.com/BearBump/TrackBox/internal/services/trackings/service.go:130.25,132.3 1 0
github.com/BearBump/TrackBox/internal/services/trackings/service.go:133.2,133.28 1 0
github.com/BearBump/TrackBox/internal/services/trackings/service.go:133.28,135.3 1 0
github.com/BearBump/TrackBox/internal/services/trackings/service.go:136.2,136.30 1 0
github.com/BearBump/TrackBox/internal/services/trackings/service.go:136.30,139.3 1 0
github.com/BearBump/TrackBox/internal/services/trackings/service.go:141.2,142.31 2 0
github.com/BearBump/TrackBox/internal/services/trackings/service.go:142.31,144.25 2 0
github.com/BearBump/TrackBox/internal/services/trackings/service.go:144.25,147.4 2 0
github.com/BearBump/TrackBox/internal/services/trackings/service.go:148.3,155.5 1 0
github.com/BearBump/TrackBox/internal/services/trackings/service.go:158.2,168.16 2 0
github.com/BearBump/TrackBox/internal/services/trackings/service.go:168.16,170.3 1 0
github.com/BearBump/TrackBox/internal/services/trackings/service.go:173.2,173.40 1 0
github.com/BearBump/TrackBox/internal/services/trackings/service.go:173.40,176.33 2 0
github.com/BearBump/TrackBox/internal/services/trackings/service.go:176.33,179.4 2 0
github.com/BearBump/TrackBox/internal/services/trackings/service.go:182.2,182.12 1 0
github.com/BearBump/TrackBox/internal/services/trackings/service.go:185.35,187.2 1 0
github.com/BearBump/TrackBox/internal/storage/pgtracking/events_repo.go:29.130,30.31 1 0
github.com/BearBump/TrackBox/internal/storage/pgtracking/events_repo.go:30.31,32.3 1 0
github.com/BearBump/TrackBox/internal/storage/pgtracking/events_repo.go:33.2,33.16 1 0
github.com/BearBump/TrackBox/internal/storage/pgtracking/events_repo.go:33.16,35.3 1 0
github.com/BearBump/TrackBox/internal/storage/pgtracking/events_repo.go:37.2,46.16 2 0
github.com/BearBump/TrackBox/internal/storage/pgtracking/events_repo.go:46.16,48.3 1 0
github.com/BearBump/TrackBox/internal/storage/pgtracking/events_repo.go:49.2,52.18 3 0
github.com/BearBump/TrackBox/internal/storage/pgtracking/events_repo.go:52.18,60.17 5 0
github.com/BearBump/TrackBox/internal/storage/pgtracking/events_repo.go:60.17,62.4 1 0
github.com/BearBump/TrackBox/internal/storage/pgtracking/events_repo.go:64.3,67.21 3 0
github.com/BearBump/TrackBox/internal/storage/pgtracking/events_repo.go:67.21,71.4 3 0
github.com/BearBump/TrackBox/internal/storage/pgtracking/events_repo.go:73.3,73.24 1 0
github.com/BearBump/TrackBox/internal/storage/pgtracking/events_repo.go:75.2,75.23 1 0
github.com/BearBump/TrackBox/internal/storage/pgtracking/events_repo.go:75.23,77.3 1 0
github.com/BearBump/TrackBox/internal/storage/pgtracking/events_repo.go:78.2,78.17 1 0
github.com/BearBump/TrackBox/internal/storage/pgtracking/events_repo.go:81.86,83.16 2 0
github.com/BearBump/TrackBox/internal/storage/pgtracking/events_repo.go:83.16,85.3 1 0
github.com/BearBump/TrackBox/internal/storage/pgtracking/events_repo.go:86.2,86.15 1 0
github.com/BearBump/TrackBox/internal/storage/pgtracking/events_repo.go:86.15,86.39 1 0
github.com/BearBump/TrackBox/internal/storage/pgtracking/events_repo.go:88.2,88.42 1 0
github.com/BearBump/TrackBox/internal/storage/pgtracking/events_repo.go:88.42,99.17 2 0
github.com/BearBump/TrackBox/internal/storage/pgtracking/events_repo.go:99.17,101.4 1 0
github.com/BearBump/TrackBox/internal/storage/pgtracking/events_repo.go:102.8,116.17 2 0
github.com/BearBump/TrackBox/internal/storage/pgtracking/events_repo.go:116.17,118.4 1 0
github.com/BearBump/TrackBox/internal/storage/pgtracking/events_repo.go:120.3,120.32 1 0
github.com/BearBump/TrackBox/internal/storage/pgtracking/events_repo.go:120.32,122.52 2 0
github.com/BearBump/TrackBox/internal/storage/pgtracking/events_repo.go:122.52,124.58 2 0
github.com/BearBump/TrackBox/internal/storage/pgtracking/events_repo.go:124.58,126.6 1 0
github.com/BearBump/TrackBox/internal/storage/pgtracking/events_repo.go:129.4,135.18 2 0
github.com/BearBump/TrackBox/internal/storage/pgtracking/events_repo.go:135.18,137.5 1 0
github.com/BearBump/TrackBox/internal/storage/pgtracking/events_repo.go:141.2,141.39 1 0
github.com/BearBump/TrackBox/internal/storage/pgtracking/events_repo.go:141.39,143.3 1 0
github.com/BearBump/TrackBox/internal/storage/pgtracking/events_repo.go:144.2,144.12 1 0
github.com/BearBump/TrackBox/internal/storage/pgtracking/pgtracking.go:14.47,16.16 2 0
github.com/BearBump/TrackBox/internal/storage/pgtracking/pgtracking.go:16.16,18.3 1 0
github.com/BearBump/TrackBox/internal/storage/pgtracking/pgtracking.go:20.2,21.16 2 0
github.com/BearBump/TrackBox/internal/storage/pgtracking/pgtracking.go:21.16,23.3 1 0
github.com/BearBump/TrackBox/internal/storage/pgtracking/pgtracking.go:25.2,26.59 2 0
github.com/BearBump/TrackBox/internal/storage/pgtracking/pgtracking.go:26.59,28.3 1 0
github.com/BearBump/TrackBox/internal/storage/pgtracking/pgtracking.go:30.2,30.15 1 0
github.com/BearBump/TrackBox/internal/storage/pgtracking/pgtracking.go:33.27,34.17 1 0
github.com/BearBump/TrackBox/internal/storage/pgtracking/pgtracking.go:34.17,36.3 1 0
github.com/BearBump/TrackBox/internal/storage/pgtracking/schema.go:9.57,43.26 2 0
github.com/BearBump/TrackBox/internal/storage/pgtracking/schema.go:43.26,44.46 1 0
github.com/BearBump/TrackBox/internal/storage/pgtracking/schema.go:44.46,46.4 1 0
github.com/BearBump/TrackBox/internal/storage/pgtracking/schema.go:48.2,48.12 1 0
github.com/BearBump/TrackBox/internal/storage/pgtracking/trackings_repo.go:17.125,21.16 3 0
github.com/BearBump/TrackBox/internal/storage/pgtracking/trackings_repo.go:21.16,23.3 1 0
github.com/BearBump/TrackBox/internal/storage/pgtracking/trackings_repo.go:24.2,24.15 1 0
github.com/BearBump/TrackBox/internal/storage/pgtracking/trackings_repo.go:24.15,24.39 1 0
github.com/BearBump/TrackBox/internal/storage/pgtracking/trackings_repo.go:26.2,27.27 2 0
github.com/BearBump/TrackBox/internal/storage/pgtracking/trackings_repo.go:27.27,38.17 3 0
github.com/BearBump/TrackBox/internal/storage/pgtracking/trackings_repo.go:38.17,40.4 1 0
github.com/BearBump/TrackBox/internal/storage/pgtracking/trackings_repo.go:41.3,41.24 1 0
github.com/BearBump/TrackBox/internal/storage/pgtracking/trackings_repo.go:44.2,44.39 1 0
github.com/BearBump/TrackBox/internal/storage/pgtracking/trackings_repo.go:44.39,46.3 1 0
github.com/BearBump/TrackBox/internal/storage/pgtracking/trackings_repo.go:48.2,48.38 1 0
github.com/BearBump/TrackBox/internal/storage/pgtracking/trackings_repo.go:51.100,52.19 1 0
github.com/BearBump/TrackBox/internal/storage/pgtracking/trackings_repo.go:52.19,54.3 1 0
github.com/BearBump/TrackBox/internal/storage/pgtracking/trackings_repo.go:56.2,66.16 2 0
github.com/BearBump/TrackBox/internal/storage/pgtracking/trackings_repo.go:66.16,68.3 1 0
github.com/BearBump/TrackBox/internal/storage/pgtracking/trackings_repo.go:69.2,72.18 3 0
github.com/BearBump/TrackBox/internal/storage/pgtracking/trackings_repo.go:72.18,83.17 5 0
github.com/BearBump/TrackBox/internal/storage/pgtracking/trackings_repo.go:83.17,85.4 1 0
github.com/BearBump/TrackBox/internal/storage/pgtracking/trackings_repo.go:86.3,89.24 4 0
github.com/BearBump/TrackBox/internal/storage/pgtracking/trackings_repo.go:92.2,92.23 1 0
github.com/BearBump/TrackBox/internal/storage/pgtracking/trackings_repo.go:92.23,94.3 1 0
github.com/BearBump/TrackBox/internal/storage/pgtracking/trackings_repo.go:95.2,95.17 1 0
github.com/BearBump/TrackBox/internal/storage/pgtracking/trackings_repo.go:98.81,101.2 2 0
github.com/BearBump/TrackBox/internal/storage/pgtracking/trackings_repo.go:106.133,108.16 2 0
github.com/BearBump/TrackBox/internal/storage/pgtracking/trackings_repo.go:108.16,110.3 1 0
github.com/BearBump/TrackBox/internal/storage/pgtracking/trackings_repo.go:111.2,111.15 1 0
github.com/BearBump/TrackBox/internal/storage/pgtracking/trackings_repo.go:111.15,111.39 1 0
github.com/BearBump/TrackBox/internal/storage/pgtracking/trackings_repo.go:113.2,127.16 2 0
github.com/BearBump/TrackBox/internal/storage/pgtracking/trackings_repo.go:127.16,129.3 1 0
github.com/BearBump/TrackBox/internal/storage/pgtracking/trackings_repo.go:130.2,133.18 3 0
github.com/BearBump/TrackBox/internal/storage/pgtracking/trackings_repo.go:133.18,144.17 5 0
github.com/BearBump/TrackBox/internal/storage/pgtracking/trackings_repo.go:144.17,146.4 1 0
github.com/BearBump/TrackBox/internal/storage/pgtracking/trackings_repo.go:147.3,150.30 4 0
github.com/BearBump/TrackBox/internal/storage/pgtracking/trackings_repo.go:152.2,152.23 1 0
github.com/BearBump/TrackBox/internal/storage/pgtracking/trackings_repo.go:152.23,154.3 1 0
github.com/BearBump/TrackBox/internal/storage/pgtracking/trackings_repo.go:156.2,157.27 2 0
github.com/BearBump/TrackBox/internal/storage/pgtracking/trackings_repo.go:157.27,159.17 2 0
github.com/BearBump/TrackBox/internal/storage/pgtracking/trackings_repo.go:159.17,161.4 1 0
github.com/BearBump/TrackBox/internal/storage/pgtracking/trackings_repo.go:162.3,162.29 1 0
github.com/BearBump/TrackBox/internal/storage/pgtracking/trackings_repo.go:165.2,165.39 1 0
github.com/BearBump/TrackBox/internal/storage/pgtracking/trackings_repo.go:165.39,167.3 1 0
github.com/BearBump/TrackBox/internal/storage/pgtracking/trackings_repo.go:168.2,168.20 1 0
github.com/BearBump/TrackBox/internal/api/trackings_api/trackings_api.go:19.48,21.2 1 0
github.com/BearBump/TrackBox/internal/api/trackings_api/trackings_api.go:23.152,25.36 2 0
github.com/BearBump/TrackBox/internal/api/trackings_api/trackings_api.go:25.36,30.3 1 0
github.com/BearBump/TrackBox/internal/api/trackings_api/trackings_api.go:31.2,32.16 2 0
github.com/BearBump/TrackBox/internal/api/trackings_api/trackings_api.go:32.16,34.3 1 0
github.com/BearBump/TrackBox/internal/api/trackings_api/trackings_api.go:35.2,35.82 1 0
github.com/BearBump/TrackBox/internal/api/trackings_api/trackings_api.go:38.158,40.16 2 0
github.com/BearBump/TrackBox/internal/api/trackings_api/trackings_api.go:40.16,42.3 1 0
github.com/BearBump/TrackBox/internal/api/trackings_api/trackings_api.go:43.2,43.84 1 0
github.com/BearBump/TrackBox/internal/api/trackings_api/trackings_api.go:46.161,48.16 2 0
github.com/BearBump/TrackBox/internal/api/trackings_api/trackings_api.go:48.16,50.3 1 0
github.com/BearBump/TrackBox/internal/api/trackings_api/trackings_api.go:51.2,52.24 2 0
github.com/BearBump/TrackBox/internal/api/trackings_api/trackings_api.go:52.24,64.3 1 0
github.com/BearBump/TrackBox/internal/api/trackings_api/trackings_api.go:65.2,65.68 1 0
github.com/BearBump/TrackBox/internal/api/trackings_api/trackings_api.go:68.128,69.72 1 0
github.com/BearBump/TrackBox/internal/api/trackings_api/trackings_api.go:69.72,71.3 1 0
github.com/BearBump/TrackBox/internal/api/trackings_api/trackings_api.go:72.2,72.30 1 0
github.com/BearBump/TrackBox/internal/api/trackings_api/trackings_api.go:75.65,77.23 2 0
github.com/BearBump/TrackBox/internal/api/trackings_api/trackings_api.go:77.23,79.24 2 0
github.com/BearBump/TrackBox/internal/api/trackings_api/trackings_api.go:79.24,81.4 1 0
github.com/BearBump/TrackBox/internal/api/trackings_api/trackings_api.go:82.3,83.29 2 0
github.com/BearBump/TrackBox/internal/api/trackings_api/trackings_api.go:83.29,85.4 1 0
github.com/BearBump/TrackBox/internal/api/trackings_api/trackings_api.go:86.3,99.5 1 0
github.com/BearBump/TrackBox/internal/api/trackings_api/trackings_api.go:101.2,101.12 1 0
github.com/BearBump/TrackBox/internal/api/trackings_api/trackings_api.go:104.36,105.14 1 0
github.com/BearBump/TrackBox/internal/api/trackings_api/trackings_api.go:105.14,107.3 1 0
github.com/BearBump/TrackBox/internal/api/trackings_api/trackings_api.go:108.2,108.11 1 0
github.com/BearBump/TrackBox/internal/broker/kafka/consumer.go:20.69,30.2 1 0
github.com/BearBump/TrackBox/internal/broker/kafka/consumer.go:32.55,34.2 1 0
github.com/BearBump/TrackBox/internal/broker/kafka/consumer.go:36.34,38.2 1 0
github.com/BearBump/TrackBox/internal/broker/kafka/consumer.go:40.94,41.6 1 0
github.com/BearBump/TrackBox/internal/broker/kafka/consumer.go:41.6,43.17 2 0
github.com/BearBump/TrackBox/internal/broker/kafka/consumer.go:43.17,45.4 1 0
github.com/BearBump/TrackBox/internal/broker/kafka/consumer.go:46.3,46.53 1 0
github.com/BearBump/TrackBox/internal/broker/kafka/consumer.go:46.53,50.4 1 0
github.com/BearBump/TrackBox/internal/broker/kafka/producer.go:18.46,25.2 1 0
github.com/BearBump/TrackBox/internal/broker/kafka/producer.go:27.55,29.2 1 0
github.com/BearBump/TrackBox/internal/broker/kafka/producer.go:31.88,36.17 1 0
github.com/BearBump/TrackBox/internal/broker/kafka/producer.go:36.17,38.3 1 0
github.com/BearBump/TrackBox/internal/broker/kafka/producer.go:39.2,39.12 1 0
github.com/BearBump/TrackBox/internal/cache/rediscache/ratelimiter.go:15.47,19.2 1 0
github.com/BearBump/TrackBox/internal/cache/rediscache/ratelimiter.go:23.119,28.16 5 0
github.com/BearBump/TrackBox/internal/cache/rediscache/ratelimiter.go:28.16,30.3 1 0
github.com/BearBump/TrackBox/internal/cache/rediscache/ratelimiter.go:31.2,32.27 2 0
github.com/BearBump/TrackBox/internal/cache/rediscache/rediscache.go:15.35,21.2 1 0
github.com/BearBump/TrackBox/internal/cache/rediscache/rediscache.go:23.81,25.22 2 0
github.com/BearBump/TrackBox/internal/cache/rediscache/rediscache.go:25.22,27.3 1 0
github.com/BearBump/TrackBox/internal/cache/rediscache/rediscache.go:28.2,28.16 1 0
github.com/BearBump/TrackBox/internal/cache/rediscache/rediscache.go:28.16,30.3 1 0
github.com/BearBump/TrackBox/internal/cache/rediscache/rediscache.go:31.2,31.23 1 0
github.com/BearBump/TrackBox/internal/cache/rediscache/rediscache.go:34.98,35.60 1 0
github.com/BearBump/TrackBox/internal/cache/rediscache/rediscache.go:35.60,37.3 1 0
github.com/BearBump/TrackBox/internal/cache/rediscache/rediscache.go:38.2,38.12 1 0
github.com/BearBump/TrackBox/internal/services/trackings/service.go:30.82,32.2 1 0
github.com/BearBump/TrackBox/internal/services/trackings/service.go:34.120,35.21 1 0
github.com/BearBump/TrackBox/internal/services/trackings/service.go:35.21,37.3 1 0
github.com/BearBump/TrackBox/internal/services/trackings/service.go:38.2,38.25 1 0
github.com/BearBump/TrackBox/internal/services/trackings/service.go:38.25,40.3 1 0
github.com/BearBump/TrackBox/internal/services/trackings/service.go:42.2,44.27 3 0
github.com/BearBump/TrackBox/internal/services/trackings/service.go:44.27,45.27 1 0
github.com/BearBump/TrackBox/internal/services/trackings/service.go:45.27,47.4 1 0
github.com/BearBump/TrackBox/internal/services/trackings/service.go:48.3,48.27 1 0
github.com/BearBump/TrackBox/internal/services/trackings/service.go:48.27,50.4 1 0
github.com/BearBump/TrackBox/internal/services/trackings/service.go:51.3,52.27 2 0
github.com/BearBump/TrackBox/internal/services/trackings/service.go:52.27,53.12 1 0
github.com/BearBump/TrackBox/internal/services/trackings/service.go:55.3,56.28 2 0
github.com/BearBump/TrackBox/internal/services/trackings/service.go:59.2,59.48 1 0
github.com/BearBump/TrackBox/internal/services/trackings/service.go:62.100,63.19 1 0
github.com/BearBump/TrackBox/internal/services/trackings/service.go:63.19,65.3 1 0
github.com/BearBump/TrackBox/internal/services/trackings/service.go:68.2,71.40 3 0
github.com/BearBump/TrackBox/internal/services/trackings/service.go:71.40,72.26 1 0
github.com/BearBump/TrackBox/internal/services/trackings/service.go:72.26,75.25 3 0
github.com/BearBump/TrackBox/internal/services/trackings/service.go:75.25,77.13 2 0
github.com/BearBump/TrackBox/internal/services/trackings/service.go:79.4,80.36 2 0
github.com/BearBump/TrackBox/internal/services/trackings/service.go:80.36,82.13 2 0
github.com/BearBump/TrackBox/internal/services/trackings/service.go:84.4,84.16 1 0
github.com/BearBump/TrackBox/internal/services/trackings/service.go:86.8,88.3 1 0
github.com/BearBump/TrackBox/internal/services/trackings/service.go:90.2,92.19 3 0
github.com/BearBump/TrackBox/internal/services/trackings/service.go:92.19,94.17 2 0
github.com/BearBump/TrackBox/internal/services/trackings/service.go:94.17,96.4 1 0
github.com/BearBump/TrackBox/internal/services/trackings/service.go:97.3,97.41 1 0
github.com/BearBump/TrackBox/internal/services/trackings/service.go:97.41,98.29 1 0
github.com/BearBump/TrackBox/internal/services/trackings/service.go:98.29,101.5 2 0
github.com/BearBump/TrackBox/internal/services/trackings/service.go:103.3,103.28 1 0
github.com/BearBump/TrackBox/internal/services/trackings/service.go:103.28,105.4 1 0
github.com/BearBump/TrackBox/internal/services/trackings/service.go:109.2,110.25 2 0
github.com/BearBump/TrackBox/internal/services/trackings/service.go:110.25,111.27 1 0
github.com/BearBump/TrackBox/internal/services/trackings/service.go:111.27,113.4 1 0
github.com/BearBump/TrackBox/internal/services/trackings/service.go:115.2,115.17 1 0
github.com/BearBump/TrackBox/internal/services/trackings/service.go:118.130,120.2 1 0
github.com/BearBump/TrackBox/internal/services/trackings/service.go:122.81,123.21 1 0
github.com/BearBump/TrackBox/internal/services/trackings/service.go:123.21,125.3 1 0
github.com/BearBump/TrackBox/internal/services/trackings/service.go:126.2,126.48 1 0
github.com/BearBump/TrackBox/internal/services/trackings/service.go:129.93,130.25 1 0
github.com/BearBump/TrackBox/internal/services/trackings/service.go:130.25,132.3 1 0
github.com/BearBump/TrackBox/internal/services/trackings/service.go:133.2,133.28 1 0
github.com/BearBump/TrackBox/internal/services/trackings/service.go:133.28,135.3 1 0
github.com/BearBump/TrackBox/internal/services/trackings/service.go:136.2,136.30 1 0
github.com/BearBump/TrackBox/internal/services/trackings/service.go:136.30,139.3 1 0
github.com/BearBump/TrackBox/internal/services/trackings/service.go:141.2,142.31 2 0
github.com/BearBump/TrackBox/internal/services/trackings/service.go:142.31,144.25 2 0
github.com/BearBump/TrackBox/internal/services/trackings/service.go:144.25,147.4 2 0
github.com/BearBump/TrackBox/internal/services/trackings/service.go:148.3,155.5 1 0
github.com/BearBump/TrackBox/internal/services/trackings/service.go:158.2,168.16 2 0
github.com/BearBump/TrackBox/internal/services/trackings/service.go:168.16,170.3 1 0
github.com/BearBump/TrackBox/internal/services/trackings/service.go:173.2,173.40 1 0
github.com/BearBump/TrackBox/internal/services/trackings/service.go:173.40,176.33 2 0
github.com/BearBump/TrackBox/internal/services/trackings/service.go:176.33,179.4 2 0
github.com/BearBump/TrackBox/internal/services/trackings/service.go:182.2,182.12 1 0
github.com/BearBump/TrackBox/internal/services/trackings/service.go:185.35,187.2 1 0
github.com/BearBump/TrackBox/internal/storage/pgtracking/events_repo.go:29.130,30.31 1 1
github.com/BearBump/TrackBox/internal/storage/pgtracking/events_repo.go:30.31,32.3 1 0
github.com/BearBump/TrackBox/internal/storage/pgtracking/events_repo.go:33.2,33.16 1 1
github.com/BearBump/TrackBox/internal/storage/pgtracking/events_repo.go:33.16,35.3 1 0
github.com/BearBump/TrackBox/internal/storage/pgtracking/events_repo.go:37.2,46.16 2 1
github.com/BearBump/TrackBox/internal/storage/pgtracking/events_repo.go:46.16,48.3 1 0
github.com/BearBump/TrackBox/internal/storage/pgtracking/events_repo.go:49.2,52.18 3 1
github.com/BearBump/TrackBox/internal/storage/pgtracking/events_repo.go:52.18,60.17 5 1
github.com/BearBump/TrackBox/internal/storage/pgtracking/events_repo.go:60.17,62.4 1 0
github.com/BearBump/TrackBox/internal/storage/pgtracking/events_repo.go:64.3,67.21 3 1
github.com/BearBump/TrackBox/internal/storage/pgtracking/events_repo.go:67.21,71.4 3 0
github.com/BearBump/TrackBox/internal/storage/pgtracking/events_repo.go:73.3,73.24 1 1
github.com/BearBump/TrackBox/internal/storage/pgtracking/events_repo.go:75.2,75.23 1 1
github.com/BearBump/TrackBox/internal/storage/pgtracking/events_repo.go:75.23,77.3 1 0
github.com/BearBump/TrackBox/internal/storage/pgtracking/events_repo.go:78.2,78.17 1 1
github.com/BearBump/TrackBox/internal/storage/pgtracking/events_repo.go:81.86,83.16 2 1
github.com/BearBump/TrackBox/internal/storage/pgtracking/events_repo.go:83.16,85.3 1 0
github.com/BearBump/TrackBox/internal/storage/pgtracking/events_repo.go:86.2,86.15 1 1
github.com/BearBump/TrackBox/internal/storage/pgtracking/events_repo.go:86.15,86.39 1 1
github.com/BearBump/TrackBox/internal/storage/pgtracking/events_repo.go:88.2,88.42 1 1
github.com/BearBump/TrackBox/internal/storage/pgtracking/events_repo.go:88.42,99.17 2 0
github.com/BearBump/TrackBox/internal/storage/pgtracking/events_repo.go:99.17,101.4 1 0
github.com/BearBump/TrackBox/internal/storage/pgtracking/events_repo.go:102.8,116.17 2 1
github.com/BearBump/TrackBox/internal/storage/pgtracking/events_repo.go:116.17,118.4 1 0
github.com/BearBump/TrackBox/internal/storage/pgtracking/events_repo.go:120.3,120.32 1 1
github.com/BearBump/TrackBox/internal/storage/pgtracking/events_repo.go:120.32,122.52 2 1
github.com/BearBump/TrackBox/internal/storage/pgtracking/events_repo.go:122.52,124.58 2 0
github.com/BearBump/TrackBox/internal/storage/pgtracking/events_repo.go:124.58,126.6 1 0
github.com/BearBump/TrackBox/internal/storage/pgtracking/events_repo.go:129.4,135.18 2 1
github.com/BearBump/TrackBox/internal/storage/pgtracking/events_repo.go:135.18,137.5 1 0
github.com/BearBump/TrackBox/internal/storage/pgtracking/events_repo.go:141.2,141.39 1 1
github.com/BearBump/TrackBox/internal/storage/pgtracking/events_repo.go:141.39,143.3 1 0
github.com/BearBump/TrackBox/internal/storage/pgtracking/events_repo.go:144.2,144.12 1 1
github.com/BearBump/TrackBox/internal/storage/pgtracking/pgtracking.go:14.47,16.16 2 1
github.com/BearBump/TrackBox/internal/storage/pgtracking/pgtracking.go:16.16,18.3 1 0
github.com/BearBump/TrackBox/internal/storage/pgtracking/pgtracking.go:20.2,21.16 2 1
github.com/BearBump/TrackBox/internal/storage/pgtracking/pgtracking.go:21.16,23.3 1 0
github.com/BearBump/TrackBox/internal/storage/pgtracking/pgtracking.go:25.2,26.59 2 1
github.com/BearBump/TrackBox/internal/storage/pgtracking/pgtracking.go:26.59,28.3 1 0
github.com/BearBump/TrackBox/internal/storage/pgtracking/pgtracking.go:30.2,30.15 1 1
github.com/BearBump/TrackBox/internal/storage/pgtracking/pgtracking.go:33.27,34.17 1 1
github.com/BearBump/TrackBox/internal/storage/pgtracking/pgtracking.go:34.17,36.3 1 1
github.com/BearBump/TrackBox/internal/storage/pgtracking/schema.go:9.57,43.26 2 1
github.com/BearBump/TrackBox/internal/storage/pgtracking/schema.go:43.26,44.46 1 1
github.com/BearBump/TrackBox/internal/storage/pgtracking/schema.go:44.46,46.4 1 0
github.com/BearBump/TrackBox/internal/storage/pgtracking/schema.go:48.2,48.12 1 1
github.com/BearBump/TrackBox/internal/storage/pgtracking/trackings_repo.go:17.125,21.16 3 1
github.com/BearBump/TrackBox/internal/storage/pgtracking/trackings_repo.go:21.16,23.3 1 0
github.com/BearBump/TrackBox/internal/storage/pgtracking/trackings_repo.go:24.2,24.15 1 1
github.com/BearBump/TrackBox/internal/storage/pgtracking/trackings_repo.go:24.15,24.39 1 1
github.com/BearBump/TrackBox/internal/storage/pgtracking/trackings_repo.go:26.2,27.27 2 1
github.com/BearBump/TrackBox/internal/storage/pgtracking/trackings_repo.go:27.27,38.17 3 1
github.com/BearBump/TrackBox/internal/storage/pgtracking/trackings_repo.go:38.17,40.4 1 0
github.com/BearBump/TrackBox/internal/storage/pgtracking/trackings_repo.go:41.3,41.24 1 1
github.com/BearBump/TrackBox/internal/storage/pgtracking/trackings_repo.go:44.2,44.39 1 1
github.com/BearBump/TrackBox/internal/storage/pgtracking/trackings_repo.go:44.39,46.3 1 0
github.com/BearBump/TrackBox/internal/storage/pgtracking/trackings_repo.go:48.2,48.38 1 1
github.com/BearBump/TrackBox/internal/storage/pgtracking/trackings_repo.go:51.100,52.19 1 1
github.com/BearBump/TrackBox/internal/storage/pgtracking/trackings_repo.go:52.19,54.3 1 0
github.com/BearBump/TrackBox/internal/storage/pgtracking/trackings_repo.go:56.2,66.16 2 1
github.com/BearBump/TrackBox/internal/storage/pgtracking/trackings_repo.go:66.16,68.3 1 0
github.com/BearBump/TrackBox/internal/storage/pgtracking/trackings_repo.go:69.2,72.18 3 1
github.com/BearBump/TrackBox/internal/storage/pgtracking/trackings_repo.go:72.18,83.17 5 1
github.com/BearBump/TrackBox/internal/storage/pgtracking/trackings_repo.go:83.17,85.4 1 0
github.com/BearBump/TrackBox/internal/storage/pgtracking/trackings_repo.go:86.3,89.24 4 1
github.com/BearBump/TrackBox/internal/storage/pgtracking/trackings_repo.go:92.2,92.23 1 1
github.com/BearBump/TrackBox/internal/storage/pgtracking/trackings_repo.go:92.23,94.3 1 0
github.com/BearBump/TrackBox/internal/storage/pgtracking/trackings_repo.go:95.2,95.17 1 1
github.com/BearBump/TrackBox/internal/storage/pgtracking/trackings_repo.go:98.81,101.2 2 1
github.com/BearBump/TrackBox/internal/storage/pgtracking/trackings_repo.go:106.133,108.16 2 1
github.com/BearBump/TrackBox/internal/storage/pgtracking/trackings_repo.go:108.16,110.3 1 0
github.com/BearBump/TrackBox/internal/storage/pgtracking/trackings_repo.go:111.2,111.15 1 1
github.com/BearBump/TrackBox/internal/storage/pgtracking/trackings_repo.go:111.15,111.39 1 1
github.com/BearBump/TrackBox/internal/storage/pgtracking/trackings_repo.go:113.2,127.16 2 1
github.com/BearBump/TrackBox/internal/storage/pgtracking/trackings_repo.go:127.16,129.3 1 0
github.com/BearBump/TrackBox/internal/storage/pgtracking/trackings_repo.go:130.2,133.18 3 1
github.com/BearBump/TrackBox/internal/storage/pgtracking/trackings_repo.go:133.18,144.17 5 1
github.com/BearBump/TrackBox/internal/storage/pgtracking/trackings_repo.go:144.17,146.4 1 0
github.com/BearBump/TrackBox/internal/storage/pgtracking/trackings_repo.go:147.3,150.30 4 1
github.com/BearBump/TrackBox/internal/storage/pgtracking/trackings_repo.go:152.2,152.23 1 1
github.com/BearBump/TrackBox/internal/storage/pgtracking/trackings_repo.go:152.23,154.3 1 0
github.com/BearBump/TrackBox/internal/storage/pgtracking/trackings_repo.go:156.2,157.27 2 1
github.com/BearBump/TrackBox/internal/storage/pgtracking/trackings_repo.go:157.27,159.17 2 1
github.com/BearBump/TrackBox/internal/storage/pgtracking/trackings_repo.go:159.17,161.4 1 0
github.com/BearBump/TrackBox/internal/storage/pgtracking/trackings_repo.go:162.3,162.29 1 1
github.com/BearBump/TrackBox/internal/storage/pgtracking/trackings_repo.go:165.2,165.39 1 1
github.com/BearBump/TrackBox/internal/storage/pgtracking/trackings_repo.go:165.39,167.3 1 0
github.com/BearBump/TrackBox/internal/storage/pgtracking/trackings_repo.go:168.2,168.20 1 1
